{"/Users/amadeuszkozlowski/Documents/memory/src/App.vue": {"path":"/Users/amadeuszkozlowski/Documents/memory/src/App.vue","all":true,"statementMap":{"1":{"start":{"line":2,"column":0},"end":{"line":2,"column":61}},"2":{"start":{"line":3,"column":0},"end":{"line":3,"column":70}},"3":{"start":{"line":4,"column":0},"end":{"line":4,"column":67}},"4":{"start":{"line":5,"column":0},"end":{"line":5,"column":19}},"8":{"start":{"line":9,"column":0},"end":{"line":9,"column":29}},"9":{"start":{"line":10,"column":0},"end":{"line":10,"column":12}},"10":{"start":{"line":11,"column":0},"end":{"line":11,"column":30}},"11":{"start":{"line":12,"column":0},"end":{"line":12,"column":13}},"13":{"start":{"line":14,"column":0},"end":{"line":14,"column":10}},"14":{"start":{"line":15,"column":0},"end":{"line":15,"column":22}},"15":{"start":{"line":16,"column":0},"end":{"line":16,"column":19}},"16":{"start":{"line":17,"column":0},"end":{"line":17,"column":21}},"17":{"start":{"line":18,"column":0},"end":{"line":18,"column":11}},"19":{"start":{"line":20,"column":0},"end":{"line":20,"column":12}},"20":{"start":{"line":21,"column":0},"end":{"line":21,"column":66}},"21":{"start":{"line":22,"column":0},"end":{"line":22,"column":13}},"22":{"start":{"line":23,"column":0},"end":{"line":23,"column":8}}},"s":{"1":0,"2":0,"3":0,"4":0,"8":0,"9":0,"10":0,"11":0,"13":0,"14":0,"15":0,"16":0,"17":0,"19":0,"20":0,"21":0,"22":0},"branchMap":{"0":{"type":"branch","line":1,"loc":{"start":{"line":1,"column":560},"end":{"line":24,"column":11}},"locations":[{"start":{"line":1,"column":560},"end":{"line":24,"column":11}}]}},"b":{"0":[1]},"fnMap":{"0":{"name":"(empty-report)","decl":{"start":{"line":1,"column":560},"end":{"line":24,"column":11}},"loc":{"start":{"line":1,"column":560},"end":{"line":24,"column":11}},"line":1}},"f":{"0":1}}
,"/Users/amadeuszkozlowski/Documents/memory/src/main.ts": {"path":"/Users/amadeuszkozlowski/Documents/memory/src/main.ts","all":true,"statementMap":{"0":{"start":{"line":1,"column":0},"end":{"line":1,"column":32}},"1":{"start":{"line":2,"column":0},"end":{"line":2,"column":36}},"2":{"start":{"line":3,"column":0},"end":{"line":3,"column":28}},"4":{"start":{"line":5,"column":0},"end":{"line":5,"column":27}},"6":{"start":{"line":7,"column":0},"end":{"line":7,"column":23}},"8":{"start":{"line":9,"column":0},"end":{"line":9,"column":18}}},"s":{"0":0,"1":0,"2":0,"4":0,"6":0,"8":0},"branchMap":{"0":{"type":"branch","line":1,"loc":{"start":{"line":1,"column":0},"end":{"line":9,"column":-85}},"locations":[{"start":{"line":1,"column":0},"end":{"line":9,"column":-85}}]}},"b":{"0":[0]},"fnMap":{"0":{"name":"(empty-report)","decl":{"start":{"line":1,"column":0},"end":{"line":9,"column":-85}},"loc":{"start":{"line":1,"column":0},"end":{"line":9,"column":-85}},"line":1}},"f":{"0":0}}
,"/Users/amadeuszkozlowski/Documents/memory/src/components/CanvasCard/CanvasCard.vue": {"path":"/Users/amadeuszkozlowski/Documents/memory/src/components/CanvasCard/CanvasCard.vue","all":false,"statementMap":{"1":{"start":{"line":2,"column":0},"end":{"line":2,"column":9}},"2":{"start":{"line":3,"column":0},"end":{"line":3,"column":20}},"3":{"start":{"line":4,"column":0},"end":{"line":4,"column":23}},"4":{"start":{"line":5,"column":0},"end":{"line":5,"column":55}},"5":{"start":{"line":6,"column":0},"end":{"line":6,"column":24}},"6":{"start":{"line":7,"column":0},"end":{"line":7,"column":32}},"7":{"start":{"line":8,"column":0},"end":{"line":8,"column":32}},"8":{"start":{"line":9,"column":0},"end":{"line":9,"column":31}},"9":{"start":{"line":10,"column":0},"end":{"line":10,"column":12}},"13":{"start":{"line":14,"column":0},"end":{"line":14,"column":44}},"15":{"start":{"line":16,"column":0},"end":{"line":16,"column":26}},"17":{"start":{"line":18,"column":0},"end":{"line":18,"column":27}},"28":{"start":{"line":29,"column":0},"end":{"line":29,"column":26}},"33":{"start":{"line":34,"column":0},"end":{"line":34,"column":55}},"34":{"start":{"line":35,"column":0},"end":{"line":35,"column":53}},"35":{"start":{"line":36,"column":0},"end":{"line":36,"column":70}},"36":{"start":{"line":37,"column":0},"end":{"line":37,"column":79}},"39":{"start":{"line":40,"column":0},"end":{"line":40,"column":43}},"40":{"start":{"line":41,"column":0},"end":{"line":41,"column":50}},"41":{"start":{"line":42,"column":0},"end":{"line":42,"column":57}},"44":{"start":{"line":45,"column":0},"end":{"line":45,"column":36}},"45":{"start":{"line":46,"column":0},"end":{"line":46,"column":30}},"46":{"start":{"line":47,"column":0},"end":{"line":47,"column":28}},"49":{"start":{"line":50,"column":0},"end":{"line":50,"column":39}},"50":{"start":{"line":51,"column":0},"end":{"line":51,"column":43}},"51":{"start":{"line":52,"column":0},"end":{"line":52,"column":83}},"52":{"start":{"line":53,"column":0},"end":{"line":53,"column":85}},"54":{"start":{"line":55,"column":0},"end":{"line":55,"column":25}},"55":{"start":{"line":56,"column":0},"end":{"line":56,"column":45}},"56":{"start":{"line":57,"column":0},"end":{"line":57,"column":47}},"57":{"start":{"line":58,"column":0},"end":{"line":58,"column":17}},"58":{"start":{"line":59,"column":0},"end":{"line":59,"column":3}},"59":{"start":{"line":60,"column":0},"end":{"line":60,"column":2}},"62":{"start":{"line":63,"column":0},"end":{"line":63,"column":48}},"63":{"start":{"line":64,"column":0},"end":{"line":64,"column":52}},"65":{"start":{"line":66,"column":0},"end":{"line":66,"column":56}},"66":{"start":{"line":67,"column":0},"end":{"line":67,"column":33}},"67":{"start":{"line":68,"column":0},"end":{"line":68,"column":34}},"69":{"start":{"line":70,"column":0},"end":{"line":70,"column":43}},"70":{"start":{"line":71,"column":0},"end":{"line":71,"column":42}},"73":{"start":{"line":74,"column":0},"end":{"line":74,"column":26}},"74":{"start":{"line":75,"column":0},"end":{"line":75,"column":48}},"75":{"start":{"line":76,"column":0},"end":{"line":76,"column":48}},"76":{"start":{"line":77,"column":0},"end":{"line":77,"column":4}},"78":{"start":{"line":79,"column":0},"end":{"line":79,"column":15}},"79":{"start":{"line":80,"column":0},"end":{"line":80,"column":2}},"82":{"start":{"line":83,"column":0},"end":{"line":83,"column":48}},"83":{"start":{"line":84,"column":0},"end":{"line":84,"column":73}},"85":{"start":{"line":86,"column":0},"end":{"line":86,"column":56}},"86":{"start":{"line":87,"column":0},"end":{"line":87,"column":33}},"87":{"start":{"line":88,"column":0},"end":{"line":88,"column":34}},"89":{"start":{"line":90,"column":0},"end":{"line":90,"column":54}},"90":{"start":{"line":91,"column":0},"end":{"line":91,"column":53}},"93":{"start":{"line":94,"column":0},"end":{"line":94,"column":26}},"94":{"start":{"line":95,"column":0},"end":{"line":95,"column":48}},"95":{"start":{"line":96,"column":0},"end":{"line":96,"column":48}},"96":{"start":{"line":97,"column":0},"end":{"line":97,"column":4}},"98":{"start":{"line":99,"column":0},"end":{"line":99,"column":15}},"99":{"start":{"line":100,"column":0},"end":{"line":100,"column":2}},"102":{"start":{"line":103,"column":0},"end":{"line":103,"column":29}},"103":{"start":{"line":104,"column":0},"end":{"line":104,"column":40}},"104":{"start":{"line":105,"column":0},"end":{"line":105,"column":15}},"105":{"start":{"line":106,"column":0},"end":{"line":106,"column":2}},"108":{"start":{"line":109,"column":0},"end":{"line":109,"column":27}},"109":{"start":{"line":110,"column":0},"end":{"line":110,"column":28}},"110":{"start":{"line":111,"column":0},"end":{"line":111,"column":2}},"113":{"start":{"line":114,"column":0},"end":{"line":114,"column":29}},"114":{"start":{"line":115,"column":0},"end":{"line":115,"column":32}},"115":{"start":{"line":116,"column":0},"end":{"line":116,"column":41}},"116":{"start":{"line":117,"column":0},"end":{"line":117,"column":34}},"117":{"start":{"line":118,"column":0},"end":{"line":118,"column":17}},"118":{"start":{"line":119,"column":0},"end":{"line":119,"column":4}},"120":{"start":{"line":121,"column":0},"end":{"line":121,"column":35}},"121":{"start":{"line":122,"column":0},"end":{"line":122,"column":63}},"123":{"start":{"line":124,"column":0},"end":{"line":124,"column":17}},"124":{"start":{"line":125,"column":0},"end":{"line":125,"column":4}},"125":{"start":{"line":126,"column":0},"end":{"line":126,"column":2}},"128":{"start":{"line":129,"column":0},"end":{"line":129,"column":26}},"129":{"start":{"line":130,"column":0},"end":{"line":130,"column":34}},"130":{"start":{"line":131,"column":0},"end":{"line":131,"column":22}},"132":{"start":{"line":133,"column":0},"end":{"line":133,"column":42}},"133":{"start":{"line":134,"column":0},"end":{"line":134,"column":23}},"135":{"start":{"line":136,"column":0},"end":{"line":136,"column":35}},"138":{"start":{"line":139,"column":0},"end":{"line":139,"column":41}},"141":{"start":{"line":142,"column":0},"end":{"line":142,"column":17}},"144":{"start":{"line":145,"column":0},"end":{"line":145,"column":43}},"145":{"start":{"line":146,"column":0},"end":{"line":146,"column":59}},"146":{"start":{"line":147,"column":0},"end":{"line":147,"column":45}},"149":{"start":{"line":150,"column":0},"end":{"line":150,"column":71}},"150":{"start":{"line":151,"column":0},"end":{"line":151,"column":71}},"152":{"start":{"line":153,"column":0},"end":{"line":153,"column":43}},"155":{"start":{"line":156,"column":0},"end":{"line":156,"column":24}},"156":{"start":{"line":157,"column":0},"end":{"line":157,"column":26}},"157":{"start":{"line":158,"column":0},"end":{"line":158,"column":34}},"158":{"start":{"line":159,"column":0},"end":{"line":159,"column":50}},"159":{"start":{"line":160,"column":0},"end":{"line":160,"column":39}},"160":{"start":{"line":161,"column":0},"end":{"line":161,"column":64}},"161":{"start":{"line":162,"column":0},"end":{"line":162,"column":31}},"162":{"start":{"line":163,"column":0},"end":{"line":163,"column":56}},"163":{"start":{"line":164,"column":0},"end":{"line":164,"column":26}},"164":{"start":{"line":165,"column":0},"end":{"line":165,"column":42}},"165":{"start":{"line":166,"column":0},"end":{"line":166,"column":24}},"168":{"start":{"line":169,"column":0},"end":{"line":169,"column":71}},"169":{"start":{"line":170,"column":0},"end":{"line":170,"column":62}},"170":{"start":{"line":171,"column":0},"end":{"line":171,"column":60}},"172":{"start":{"line":173,"column":0},"end":{"line":173,"column":33}},"173":{"start":{"line":174,"column":0},"end":{"line":174,"column":19}},"176":{"start":{"line":177,"column":0},"end":{"line":177,"column":53}},"177":{"start":{"line":178,"column":0},"end":{"line":178,"column":26}},"178":{"start":{"line":179,"column":0},"end":{"line":179,"column":21}},"181":{"start":{"line":182,"column":0},"end":{"line":182,"column":54}},"182":{"start":{"line":183,"column":0},"end":{"line":183,"column":61}},"183":{"start":{"line":184,"column":0},"end":{"line":184,"column":63}},"184":{"start":{"line":185,"column":0},"end":{"line":185,"column":24}},"185":{"start":{"line":186,"column":0},"end":{"line":186,"column":24}},"186":{"start":{"line":187,"column":0},"end":{"line":187,"column":28}},"187":{"start":{"line":188,"column":0},"end":{"line":188,"column":28}},"188":{"start":{"line":189,"column":0},"end":{"line":189,"column":17}},"189":{"start":{"line":190,"column":0},"end":{"line":190,"column":18}},"190":{"start":{"line":191,"column":0},"end":{"line":191,"column":8}},"191":{"start":{"line":192,"column":0},"end":{"line":192,"column":12}},"193":{"start":{"line":194,"column":0},"end":{"line":194,"column":53}},"194":{"start":{"line":195,"column":0},"end":{"line":195,"column":60}},"195":{"start":{"line":196,"column":0},"end":{"line":196,"column":35}},"196":{"start":{"line":197,"column":0},"end":{"line":197,"column":63}},"197":{"start":{"line":198,"column":0},"end":{"line":198,"column":5}},"200":{"start":{"line":201,"column":0},"end":{"line":201,"column":19}},"203":{"start":{"line":204,"column":0},"end":{"line":204,"column":66}},"205":{"start":{"line":206,"column":0},"end":{"line":206,"column":64}},"206":{"start":{"line":207,"column":0},"end":{"line":207,"column":48}},"207":{"start":{"line":208,"column":0},"end":{"line":208,"column":87}},"208":{"start":{"line":209,"column":0},"end":{"line":209,"column":35}},"209":{"start":{"line":210,"column":0},"end":{"line":210,"column":53}},"210":{"start":{"line":211,"column":0},"end":{"line":211,"column":60}},"211":{"start":{"line":212,"column":0},"end":{"line":212,"column":46}},"212":{"start":{"line":213,"column":0},"end":{"line":213,"column":12}},"214":{"start":{"line":215,"column":0},"end":{"line":215,"column":53}},"215":{"start":{"line":216,"column":0},"end":{"line":216,"column":60}},"216":{"start":{"line":217,"column":0},"end":{"line":217,"column":35}},"217":{"start":{"line":218,"column":0},"end":{"line":218,"column":64}},"218":{"start":{"line":219,"column":0},"end":{"line":219,"column":5}},"221":{"start":{"line":222,"column":0},"end":{"line":222,"column":22}},"222":{"start":{"line":223,"column":0},"end":{"line":223,"column":10}},"225":{"start":{"line":226,"column":0},"end":{"line":226,"column":24}},"226":{"start":{"line":227,"column":0},"end":{"line":227,"column":26}},"227":{"start":{"line":228,"column":0},"end":{"line":228,"column":34}},"228":{"start":{"line":229,"column":0},"end":{"line":229,"column":50}},"229":{"start":{"line":230,"column":0},"end":{"line":230,"column":39}},"230":{"start":{"line":231,"column":0},"end":{"line":231,"column":64}},"231":{"start":{"line":232,"column":0},"end":{"line":232,"column":31}},"232":{"start":{"line":233,"column":0},"end":{"line":233,"column":56}},"233":{"start":{"line":234,"column":0},"end":{"line":234,"column":26}},"234":{"start":{"line":235,"column":0},"end":{"line":235,"column":42}},"235":{"start":{"line":236,"column":0},"end":{"line":236,"column":24}},"238":{"start":{"line":239,"column":0},"end":{"line":239,"column":71}},"239":{"start":{"line":240,"column":0},"end":{"line":240,"column":40}},"240":{"start":{"line":241,"column":0},"end":{"line":241,"column":40}},"241":{"start":{"line":242,"column":0},"end":{"line":242,"column":33}},"242":{"start":{"line":243,"column":0},"end":{"line":243,"column":19}},"245":{"start":{"line":246,"column":0},"end":{"line":246,"column":53}},"246":{"start":{"line":247,"column":0},"end":{"line":247,"column":26}},"247":{"start":{"line":248,"column":0},"end":{"line":248,"column":21}},"250":{"start":{"line":251,"column":0},"end":{"line":251,"column":51}},"251":{"start":{"line":252,"column":0},"end":{"line":252,"column":58}},"252":{"start":{"line":253,"column":0},"end":{"line":253,"column":33}},"253":{"start":{"line":254,"column":0},"end":{"line":254,"column":21}},"254":{"start":{"line":255,"column":0},"end":{"line":255,"column":12}},"255":{"start":{"line":256,"column":0},"end":{"line":256,"column":37}},"256":{"start":{"line":257,"column":0},"end":{"line":257,"column":38}},"257":{"start":{"line":258,"column":0},"end":{"line":258,"column":6}},"258":{"start":{"line":259,"column":0},"end":{"line":259,"column":3}},"261":{"start":{"line":262,"column":0},"end":{"line":262,"column":20}},"262":{"start":{"line":263,"column":0},"end":{"line":263,"column":2}},"265":{"start":{"line":266,"column":0},"end":{"line":266,"column":6}},"266":{"start":{"line":267,"column":0},"end":{"line":267,"column":24}},"267":{"start":{"line":268,"column":0},"end":{"line":268,"column":9}},"269":{"start":{"line":270,"column":0},"end":{"line":270,"column":28}},"270":{"start":{"line":271,"column":0},"end":{"line":271,"column":27}},"272":{"start":{"line":273,"column":0},"end":{"line":273,"column":20}},"273":{"start":{"line":274,"column":0},"end":{"line":274,"column":38}},"274":{"start":{"line":275,"column":0},"end":{"line":275,"column":5}},"276":{"start":{"line":277,"column":0},"end":{"line":277,"column":31}},"277":{"start":{"line":278,"column":0},"end":{"line":278,"column":33}},"278":{"start":{"line":279,"column":0},"end":{"line":279,"column":19}},"280":{"start":{"line":281,"column":0},"end":{"line":281,"column":35}},"281":{"start":{"line":282,"column":0},"end":{"line":282,"column":55}},"282":{"start":{"line":283,"column":0},"end":{"line":283,"column":14}},"283":{"start":{"line":284,"column":0},"end":{"line":284,"column":33}},"284":{"start":{"line":285,"column":0},"end":{"line":285,"column":25}},"285":{"start":{"line":286,"column":0},"end":{"line":286,"column":7}},"286":{"start":{"line":287,"column":0},"end":{"line":287,"column":6}},"288":{"start":{"line":289,"column":0},"end":{"line":289,"column":51}},"289":{"start":{"line":290,"column":0},"end":{"line":290,"column":4}},"290":{"start":{"line":291,"column":0},"end":{"line":291,"column":2}},"293":{"start":{"line":294,"column":0},"end":{"line":294,"column":17}},"294":{"start":{"line":295,"column":0},"end":{"line":295,"column":61}},"295":{"start":{"line":296,"column":0},"end":{"line":296,"column":28}},"296":{"start":{"line":297,"column":0},"end":{"line":297,"column":18}},"298":{"start":{"line":299,"column":0},"end":{"line":299,"column":16}},"299":{"start":{"line":300,"column":0},"end":{"line":300,"column":66}},"300":{"start":{"line":301,"column":0},"end":{"line":301,"column":20}},"301":{"start":{"line":302,"column":0},"end":{"line":302,"column":38}},"302":{"start":{"line":303,"column":0},"end":{"line":303,"column":5}},"303":{"start":{"line":304,"column":0},"end":{"line":304,"column":4}},"304":{"start":{"line":305,"column":0},"end":{"line":305,"column":3}}},"s":{"1":1,"2":1,"3":1,"4":1,"5":1,"6":1,"7":1,"8":1,"9":1,"13":1,"15":1,"17":1,"28":1,"33":1,"34":1,"35":1,"36":1,"39":1,"40":1,"41":1,"44":1,"45":1,"46":1,"49":1,"50":5,"51":5,"52":5,"54":5,"55":5,"56":5,"57":5,"58":5,"59":5,"62":1,"63":1,"65":1,"66":1,"67":1,"69":1,"70":1,"73":1,"74":1,"75":1,"76":1,"78":1,"79":1,"82":1,"83":0,"85":0,"86":0,"87":0,"89":0,"90":0,"93":0,"94":0,"95":0,"96":0,"98":0,"99":0,"102":1,"103":0,"104":0,"105":0,"108":1,"109":1,"110":1,"113":1,"114":5,"115":5,"116":5,"117":0,"118":0,"120":5,"121":0,"123":0,"124":0,"125":5,"128":1,"129":6,"130":6,"132":6,"133":6,"135":6,"138":6,"141":6,"144":6,"145":6,"146":6,"149":6,"150":6,"152":6,"155":1,"156":1,"157":1,"158":1,"159":1,"160":1,"161":1,"162":1,"163":1,"164":1,"165":1,"168":1,"169":1,"170":1,"172":1,"173":1,"176":1,"177":1,"178":1,"181":1,"182":0,"183":0,"184":0,"185":0,"186":0,"187":0,"188":0,"189":0,"190":0,"191":1,"193":1,"194":1,"195":1,"196":1,"197":1,"200":1,"203":1,"205":0,"206":0,"207":0,"208":0,"209":0,"210":0,"211":0,"212":1,"214":1,"215":1,"216":1,"217":1,"218":1,"221":1,"222":6,"225":5,"226":5,"227":5,"228":5,"229":5,"230":5,"231":5,"232":5,"233":5,"234":5,"235":5,"238":5,"239":5,"240":5,"241":5,"242":5,"245":5,"246":5,"247":5,"250":5,"251":5,"252":5,"253":5,"254":5,"255":5,"256":5,"257":5,"258":5,"261":6,"262":6,"265":1,"266":1,"267":1,"269":0,"270":0,"272":0,"273":0,"274":0,"276":0,"277":0,"278":0,"280":0,"281":0,"282":0,"283":0,"284":0,"285":0,"286":0,"288":0,"289":0,"290":1,"293":1,"294":5,"295":5,"296":5,"298":5,"299":0,"300":0,"301":0,"302":0,"303":0,"304":1},"branchMap":{"0":{"type":"branch","line":50,"loc":{"start":{"line":50,"column":32},"end":{"line":60,"column":2}},"locations":[{"start":{"line":50,"column":32},"end":{"line":60,"column":2}}]},"1":{"type":"branch","line":52,"loc":{"start":{"line":52,"column":20},"end":{"line":52,"column":37}},"locations":[{"start":{"line":52,"column":20},"end":{"line":52,"column":37}}]},"2":{"type":"branch","line":53,"loc":{"start":{"line":53,"column":21},"end":{"line":53,"column":38}},"locations":[{"start":{"line":53,"column":21},"end":{"line":53,"column":38}}]},"3":{"type":"branch","line":63,"loc":{"start":{"line":63,"column":24},"end":{"line":80,"column":2}},"locations":[{"start":{"line":63,"column":24},"end":{"line":80,"column":2}}]},"4":{"type":"branch","line":64,"loc":{"start":{"line":64,"column":45},"end":{"line":64,"column":52}},"locations":[{"start":{"line":64,"column":45},"end":{"line":64,"column":52}}]},"5":{"type":"branch","line":109,"loc":{"start":{"line":109,"column":20},"end":{"line":111,"column":2}},"locations":[{"start":{"line":109,"column":20},"end":{"line":111,"column":2}}]},"6":{"type":"branch","line":114,"loc":{"start":{"line":114,"column":22},"end":{"line":126,"column":2}},"locations":[{"start":{"line":114,"column":22},"end":{"line":126,"column":2}}]},"7":{"type":"branch","line":129,"loc":{"start":{"line":129,"column":19},"end":{"line":263,"column":2}},"locations":[{"start":{"line":129,"column":19},"end":{"line":263,"column":2}}]},"8":{"type":"branch","line":131,"loc":{"start":{"line":131,"column":15},"end":{"line":131,"column":22}},"locations":[{"start":{"line":131,"column":15},"end":{"line":131,"column":22}}]},"9":{"type":"branch","line":134,"loc":{"start":{"line":134,"column":16},"end":{"line":134,"column":23}},"locations":[{"start":{"line":134,"column":16},"end":{"line":134,"column":23}}]},"10":{"type":"branch","line":153,"loc":{"start":{"line":153,"column":12},"end":{"line":153,"column":42}},"locations":[{"start":{"line":153,"column":12},"end":{"line":153,"column":42}}]},"11":{"type":"branch","line":153,"loc":{"start":{"line":153,"column":42},"end":{"line":223,"column":9}},"locations":[{"start":{"line":153,"column":42},"end":{"line":223,"column":9}}]},"12":{"type":"branch","line":182,"loc":{"start":{"line":182,"column":18},"end":{"line":182,"column":53}},"locations":[{"start":{"line":182,"column":18},"end":{"line":182,"column":53}}]},"13":{"type":"branch","line":182,"loc":{"start":{"line":182,"column":53},"end":{"line":192,"column":11}},"locations":[{"start":{"line":182,"column":53},"end":{"line":192,"column":11}}]},"14":{"type":"branch","line":195,"loc":{"start":{"line":195,"column":32},"end":{"line":195,"column":45}},"locations":[{"start":{"line":195,"column":32},"end":{"line":195,"column":45}}]},"15":{"type":"branch","line":204,"loc":{"start":{"line":204,"column":65},"end":{"line":213,"column":11}},"locations":[{"start":{"line":204,"column":65},"end":{"line":213,"column":11}}]},"16":{"type":"branch","line":216,"loc":{"start":{"line":216,"column":32},"end":{"line":216,"column":45}},"locations":[{"start":{"line":216,"column":32},"end":{"line":216,"column":45}}]},"17":{"type":"branch","line":223,"loc":{"start":{"line":223,"column":2},"end":{"line":259,"column":3}},"locations":[{"start":{"line":223,"column":2},"end":{"line":259,"column":3}}]},"18":{"type":"branch","line":252,"loc":{"start":{"line":252,"column":30},"end":{"line":252,"column":43}},"locations":[{"start":{"line":252,"column":30},"end":{"line":252,"column":43}}]},"19":{"type":"branch","line":267,"loc":{"start":{"line":267,"column":2},"end":{"line":267,"column":24}},"locations":[{"start":{"line":267,"column":2},"end":{"line":267,"column":24}}]},"20":{"type":"branch","line":294,"loc":{"start":{"line":294,"column":10},"end":{"line":305,"column":1}},"locations":[{"start":{"line":294,"column":10},"end":{"line":305,"column":1}}]}},"b":{"0":[5],"1":[0],"2":[0],"3":[1],"4":[0],"5":[1],"6":[5],"7":[6],"8":[0],"9":[0],"10":[5],"11":[1],"12":[0],"13":[0],"14":[0],"15":[0],"16":[0],"17":[5],"18":[0],"19":[5],"20":[5]},"fnMap":{"0":{"name":"calculateCardDimensions","decl":{"start":{"line":50,"column":32},"end":{"line":60,"column":2}},"loc":{"start":{"line":50,"column":32},"end":{"line":60,"column":2}},"line":50},"1":{"name":"handleMouseMove","decl":{"start":{"line":63,"column":24},"end":{"line":80,"column":2}},"loc":{"start":{"line":63,"column":24},"end":{"line":80,"column":2}},"line":63},"2":{"name":"handleTouchMove","decl":{"start":{"line":83,"column":24},"end":{"line":100,"column":2}},"loc":{"start":{"line":83,"column":24},"end":{"line":100,"column":2}},"line":83},"3":{"name":"resetParallax","decl":{"start":{"line":103,"column":22},"end":{"line":106,"column":2}},"loc":{"start":{"line":103,"column":22},"end":{"line":106,"column":2}},"line":103},"4":{"name":"handleClick","decl":{"start":{"line":109,"column":20},"end":{"line":111,"column":2}},"loc":{"start":{"line":109,"column":20},"end":{"line":111,"column":2}},"line":109},"5":{"name":"loadCardImage","decl":{"start":{"line":114,"column":22},"end":{"line":126,"column":2}},"loc":{"start":{"line":114,"column":22},"end":{"line":126,"column":2}},"line":114},"6":{"name":"cardImage.value.onload","decl":{"start":{"line":117,"column":27},"end":{"line":119,"column":4}},"loc":{"start":{"line":117,"column":27},"end":{"line":119,"column":4}},"line":117},"7":{"name":"cardImage.value.onerror","decl":{"start":{"line":121,"column":28},"end":{"line":125,"column":4}},"loc":{"start":{"line":121,"column":28},"end":{"line":125,"column":4}},"line":121},"8":{"name":"renderCard","decl":{"start":{"line":129,"column":19},"end":{"line":263,"column":2}},"loc":{"start":{"line":129,"column":19},"end":{"line":263,"column":2}},"line":129},"9":{"name":"isFlipping.value","decl":{"start":{"line":267,"column":2},"end":{"line":267,"column":24}},"loc":{"start":{"line":267,"column":2},"end":{"line":267,"column":24}},"line":267}},"f":{"0":5,"1":1,"2":0,"3":0,"4":1,"5":5,"6":0,"7":0,"8":6,"9":5}}
,"/Users/amadeuszkozlowski/Documents/memory/src/components/GameBoard/GameBoard.vue": {"path":"/Users/amadeuszkozlowski/Documents/memory/src/components/GameBoard/GameBoard.vue","all":false,"statementMap":{"1":{"start":{"line":2,"column":0},"end":{"line":2,"column":34}},"2":{"start":{"line":3,"column":0},"end":{"line":3,"column":8}},"3":{"start":{"line":4,"column":0},"end":{"line":4,"column":24}},"4":{"start":{"line":5,"column":0},"end":{"line":5,"column":15}},"9":{"start":{"line":10,"column":0},"end":{"line":10,"column":18}},"10":{"start":{"line":11,"column":0},"end":{"line":11,"column":38}},"11":{"start":{"line":12,"column":0},"end":{"line":12,"column":22}},"12":{"start":{"line":13,"column":0},"end":{"line":13,"column":20}},"13":{"start":{"line":14,"column":0},"end":{"line":14,"column":22}},"14":{"start":{"line":15,"column":0},"end":{"line":15,"column":42}},"15":{"start":{"line":16,"column":0},"end":{"line":16,"column":42}},"16":{"start":{"line":17,"column":0},"end":{"line":17,"column":55}},"17":{"start":{"line":18,"column":0},"end":{"line":18,"column":24}},"18":{"start":{"line":19,"column":0},"end":{"line":19,"column":8}},"19":{"start":{"line":20,"column":0},"end":{"line":20,"column":10}},"20":{"start":{"line":21,"column":0},"end":{"line":21,"column":8}},"24":{"start":{"line":25,"column":0},"end":{"line":25,"column":31}},"25":{"start":{"line":26,"column":0},"end":{"line":26,"column":50}},"26":{"start":{"line":27,"column":0},"end":{"line":27,"column":58}},"27":{"start":{"line":28,"column":0},"end":{"line":28,"column":64}},"28":{"start":{"line":29,"column":0},"end":{"line":29,"column":25}},"30":{"start":{"line":31,"column":0},"end":{"line":31,"column":33}},"31":{"start":{"line":32,"column":0},"end":{"line":32,"column":40}},"33":{"start":{"line":34,"column":0},"end":{"line":34,"column":46}},"34":{"start":{"line":35,"column":0},"end":{"line":35,"column":34}},"35":{"start":{"line":36,"column":0},"end":{"line":36,"column":33}},"36":{"start":{"line":37,"column":0},"end":{"line":37,"column":16}},"37":{"start":{"line":38,"column":0},"end":{"line":38,"column":15}},"38":{"start":{"line":39,"column":0},"end":{"line":39,"column":18}},"39":{"start":{"line":40,"column":0},"end":{"line":40,"column":15}},"40":{"start":{"line":41,"column":0},"end":{"line":41,"column":16}},"41":{"start":{"line":42,"column":0},"end":{"line":42,"column":15}},"42":{"start":{"line":43,"column":0},"end":{"line":43,"column":12}},"43":{"start":{"line":44,"column":0},"end":{"line":44,"column":15}},"44":{"start":{"line":45,"column":0},"end":{"line":45,"column":3}},"45":{"start":{"line":46,"column":0},"end":{"line":46,"column":3}},"47":{"start":{"line":48,"column":0},"end":{"line":48,"column":37}},"48":{"start":{"line":49,"column":0},"end":{"line":49,"column":33}},"49":{"start":{"line":50,"column":0},"end":{"line":50,"column":16}},"50":{"start":{"line":51,"column":0},"end":{"line":51,"column":15}},"51":{"start":{"line":52,"column":0},"end":{"line":52,"column":18}},"52":{"start":{"line":53,"column":0},"end":{"line":53,"column":15}},"53":{"start":{"line":54,"column":0},"end":{"line":54,"column":16}},"54":{"start":{"line":55,"column":0},"end":{"line":55,"column":15}},"55":{"start":{"line":56,"column":0},"end":{"line":56,"column":12}},"56":{"start":{"line":57,"column":0},"end":{"line":57,"column":15}},"57":{"start":{"line":58,"column":0},"end":{"line":58,"column":3}},"58":{"start":{"line":59,"column":0},"end":{"line":59,"column":3}},"60":{"start":{"line":61,"column":0},"end":{"line":61,"column":66}},"63":{"start":{"line":64,"column":0},"end":{"line":64,"column":42}},"64":{"start":{"line":65,"column":0},"end":{"line":65,"column":10}},"65":{"start":{"line":66,"column":0},"end":{"line":66,"column":45}},"66":{"start":{"line":67,"column":0},"end":{"line":67,"column":42}},"68":{"start":{"line":69,"column":0},"end":{"line":69,"column":2}},"71":{"start":{"line":72,"column":0},"end":{"line":72,"column":42}},"72":{"start":{"line":73,"column":0},"end":{"line":73,"column":48}},"73":{"start":{"line":74,"column":0},"end":{"line":74,"column":2}},"76":{"start":{"line":77,"column":0},"end":{"line":77,"column":37}},"79":{"start":{"line":80,"column":0},"end":{"line":80,"column":20}},"82":{"start":{"line":83,"column":0},"end":{"line":83,"column":59}},"85":{"start":{"line":86,"column":0},"end":{"line":86,"column":51}},"88":{"start":{"line":89,"column":0},"end":{"line":89,"column":51}},"90":{"start":{"line":91,"column":0},"end":{"line":91,"column":22}},"92":{"start":{"line":93,"column":0},"end":{"line":93,"column":10}},"93":{"start":{"line":94,"column":0},"end":{"line":94,"column":46}},"94":{"start":{"line":95,"column":0},"end":{"line":95,"column":42}},"95":{"start":{"line":96,"column":0},"end":{"line":96,"column":9}},"97":{"start":{"line":98,"column":0},"end":{"line":98,"column":27}},"100":{"start":{"line":101,"column":0},"end":{"line":101,"column":35}},"101":{"start":{"line":102,"column":0},"end":{"line":102,"column":28}},"102":{"start":{"line":103,"column":0},"end":{"line":103,"column":29}},"103":{"start":{"line":104,"column":0},"end":{"line":104,"column":18}},"104":{"start":{"line":105,"column":0},"end":{"line":105,"column":9}},"105":{"start":{"line":106,"column":0},"end":{"line":106,"column":7}},"106":{"start":{"line":107,"column":0},"end":{"line":107,"column":12}},"107":{"start":{"line":108,"column":0},"end":{"line":108,"column":3}},"108":{"start":{"line":109,"column":0},"end":{"line":109,"column":2}}},"s":{"1":1,"2":1,"3":1,"4":1,"9":1,"10":1,"11":1,"12":1,"13":1,"14":1,"15":1,"16":1,"17":1,"18":1,"19":1,"20":1,"24":1,"25":1,"26":1,"27":1,"28":1,"30":1,"31":1,"33":1,"34":1,"35":10,"36":10,"37":6,"38":10,"39":1,"40":10,"41":3,"42":10,"43":0,"44":10,"45":1,"47":1,"48":10,"49":10,"50":6,"51":10,"52":1,"53":10,"54":3,"55":10,"56":0,"57":10,"58":1,"60":1,"63":1,"64":203,"65":203,"66":200,"68":203,"71":1,"72":202,"73":202,"76":1,"79":3,"82":3,"85":3,"88":3,"90":1,"92":1,"93":1,"94":1,"95":1,"97":1,"100":1,"101":0,"102":0,"103":0,"104":0,"105":1,"106":1,"107":1,"108":3},"branchMap":{"0":{"type":"branch","line":34,"loc":{"start":{"line":34,"column":23},"end":{"line":34,"column":44}},"locations":[{"start":{"line":34,"column":23},"end":{"line":34,"column":44}}]},"1":{"type":"branch","line":35,"loc":{"start":{"line":35,"column":27},"end":{"line":46,"column":1}},"locations":[{"start":{"line":35,"column":27},"end":{"line":46,"column":1}}]},"2":{"type":"branch","line":37,"loc":{"start":{"line":37,"column":4},"end":{"line":38,"column":15}},"locations":[{"start":{"line":37,"column":4},"end":{"line":38,"column":15}}]},"3":{"type":"branch","line":39,"loc":{"start":{"line":39,"column":4},"end":{"line":40,"column":15}},"locations":[{"start":{"line":39,"column":4},"end":{"line":40,"column":15}}]},"4":{"type":"branch","line":41,"loc":{"start":{"line":41,"column":4},"end":{"line":42,"column":15}},"locations":[{"start":{"line":41,"column":4},"end":{"line":42,"column":15}}]},"5":{"type":"branch","line":43,"loc":{"start":{"line":43,"column":4},"end":{"line":44,"column":15}},"locations":[{"start":{"line":43,"column":4},"end":{"line":44,"column":15}}]},"6":{"type":"branch","line":48,"loc":{"start":{"line":48,"column":30},"end":{"line":59,"column":1}},"locations":[{"start":{"line":48,"column":30},"end":{"line":59,"column":1}}]},"7":{"type":"branch","line":50,"loc":{"start":{"line":50,"column":4},"end":{"line":51,"column":15}},"locations":[{"start":{"line":50,"column":4},"end":{"line":51,"column":15}}]},"8":{"type":"branch","line":52,"loc":{"start":{"line":52,"column":4},"end":{"line":53,"column":15}},"locations":[{"start":{"line":52,"column":4},"end":{"line":53,"column":15}}]},"9":{"type":"branch","line":54,"loc":{"start":{"line":54,"column":4},"end":{"line":55,"column":15}},"locations":[{"start":{"line":54,"column":4},"end":{"line":55,"column":15}}]},"10":{"type":"branch","line":56,"loc":{"start":{"line":56,"column":4},"end":{"line":57,"column":15}},"locations":[{"start":{"line":56,"column":4},"end":{"line":57,"column":15}}]},"11":{"type":"branch","line":61,"loc":{"start":{"line":61,"column":33},"end":{"line":61,"column":64}},"locations":[{"start":{"line":61,"column":33},"end":{"line":61,"column":64}}]},"12":{"type":"branch","line":64,"loc":{"start":{"line":64,"column":22},"end":{"line":69,"column":2}},"locations":[{"start":{"line":64,"column":22},"end":{"line":69,"column":2}}]},"13":{"type":"branch","line":66,"loc":{"start":{"line":66,"column":41},"end":{"line":67,"column":42}},"locations":[{"start":{"line":66,"column":41},"end":{"line":67,"column":42}}]},"14":{"type":"branch","line":72,"loc":{"start":{"line":72,"column":22},"end":{"line":74,"column":2}},"locations":[{"start":{"line":72,"column":22},"end":{"line":74,"column":2}}]},"15":{"type":"branch","line":77,"loc":{"start":{"line":77,"column":17},"end":{"line":109,"column":2}},"locations":[{"start":{"line":77,"column":17},"end":{"line":109,"column":2}}]},"16":{"type":"branch","line":89,"loc":{"start":{"line":89,"column":50},"end":{"line":108,"column":3}},"locations":[{"start":{"line":89,"column":50},"end":{"line":108,"column":3}}]},"17":{"type":"branch","line":91,"loc":{"start":{"line":91,"column":15},"end":{"line":107,"column":7}},"locations":[{"start":{"line":91,"column":15},"end":{"line":107,"column":7}}]},"18":{"type":"branch","line":101,"loc":{"start":{"line":101,"column":34},"end":{"line":105,"column":9}},"locations":[{"start":{"line":101,"column":34},"end":{"line":105,"column":9}}]}},"b":{"0":[8],"1":[10],"2":[6],"3":[1],"4":[3],"5":[0],"6":[10],"7":[6],"8":[1],"9":[3],"10":[0],"11":[8],"12":[203],"13":[200],"14":[202],"15":[3],"16":[1],"17":[1],"18":[0]},"fnMap":{"0":{"name":"isCardFlipped","decl":{"start":{"line":64,"column":22},"end":{"line":69,"column":2}},"loc":{"start":{"line":64,"column":22},"end":{"line":69,"column":2}},"line":64},"1":{"name":"isCardMatched","decl":{"start":{"line":72,"column":22},"end":{"line":74,"column":2}},"loc":{"start":{"line":72,"column":22},"end":{"line":74,"column":2}},"line":72},"2":{"name":"flipCard","decl":{"start":{"line":77,"column":17},"end":{"line":109,"column":2}},"loc":{"start":{"line":77,"column":17},"end":{"line":109,"column":2}},"line":77}},"f":{"0":203,"1":202,"2":3}}
,"/Users/amadeuszkozlowski/Documents/memory/src/components/GameControls/GameControls.vue": {"path":"/Users/amadeuszkozlowski/Documents/memory/src/components/GameControls/GameControls.vue","all":true,"statementMap":{"1":{"start":{"line":2,"column":0},"end":{"line":2,"column":29}},"2":{"start":{"line":3,"column":0},"end":{"line":3,"column":33}},"3":{"start":{"line":4,"column":0},"end":{"line":4,"column":28}},"4":{"start":{"line":5,"column":0},"end":{"line":5,"column":34}},"5":{"start":{"line":6,"column":0},"end":{"line":6,"column":51}},"6":{"start":{"line":7,"column":0},"end":{"line":7,"column":61}},"7":{"start":{"line":8,"column":0},"end":{"line":8,"column":50}},"8":{"start":{"line":9,"column":0},"end":{"line":9,"column":54}},"9":{"start":{"line":10,"column":0},"end":{"line":10,"column":50}},"10":{"start":{"line":11,"column":0},"end":{"line":11,"column":17}},"11":{"start":{"line":12,"column":0},"end":{"line":12,"column":12}},"13":{"start":{"line":14,"column":0},"end":{"line":14,"column":34}},"14":{"start":{"line":15,"column":0},"end":{"line":15,"column":50}},"15":{"start":{"line":16,"column":0},"end":{"line":16,"column":14}},"16":{"start":{"line":17,"column":0},"end":{"line":17,"column":19}},"17":{"start":{"line":18,"column":0},"end":{"line":18,"column":21}},"18":{"start":{"line":19,"column":0},"end":{"line":19,"column":29}},"19":{"start":{"line":20,"column":0},"end":{"line":20,"column":46}},"20":{"start":{"line":21,"column":0},"end":{"line":21,"column":31}},"21":{"start":{"line":22,"column":0},"end":{"line":22,"column":10}},"22":{"start":{"line":23,"column":0},"end":{"line":23,"column":15}},"23":{"start":{"line":24,"column":0},"end":{"line":24,"column":37}},"24":{"start":{"line":25,"column":0},"end":{"line":25,"column":31}},"25":{"start":{"line":26,"column":0},"end":{"line":26,"column":34}},"26":{"start":{"line":27,"column":0},"end":{"line":27,"column":9}},"28":{"start":{"line":29,"column":0},"end":{"line":29,"column":17}},"29":{"start":{"line":30,"column":0},"end":{"line":30,"column":12}},"31":{"start":{"line":32,"column":0},"end":{"line":32,"column":32}},"32":{"start":{"line":33,"column":0},"end":{"line":33,"column":79}},"34":{"start":{"line":35,"column":0},"end":{"line":35,"column":17}},"35":{"start":{"line":36,"column":0},"end":{"line":36,"column":65}},"37":{"start":{"line":38,"column":0},"end":{"line":38,"column":17}},"38":{"start":{"line":39,"column":0},"end":{"line":39,"column":15}},"39":{"start":{"line":40,"column":0},"end":{"line":40,"column":30}},"40":{"start":{"line":41,"column":0},"end":{"line":41,"column":47}},"41":{"start":{"line":42,"column":0},"end":{"line":42,"column":48}},"43":{"start":{"line":44,"column":0},"end":{"line":44,"column":72}},"44":{"start":{"line":45,"column":0},"end":{"line":45,"column":61}},"45":{"start":{"line":46,"column":0},"end":{"line":46,"column":17}},"46":{"start":{"line":47,"column":0},"end":{"line":47,"column":12}},"47":{"start":{"line":48,"column":0},"end":{"line":48,"column":10}},"49":{"start":{"line":50,"column":0},"end":{"line":50,"column":65}},"50":{"start":{"line":51,"column":0},"end":{"line":51,"column":30}},"51":{"start":{"line":52,"column":0},"end":{"line":52,"column":35}},"52":{"start":{"line":53,"column":0},"end":{"line":53,"column":31}},"53":{"start":{"line":54,"column":0},"end":{"line":54,"column":48}},"54":{"start":{"line":55,"column":0},"end":{"line":55,"column":57}},"55":{"start":{"line":56,"column":0},"end":{"line":56,"column":14}},"56":{"start":{"line":57,"column":0},"end":{"line":57,"column":31}},"57":{"start":{"line":58,"column":0},"end":{"line":58,"column":47}},"58":{"start":{"line":59,"column":0},"end":{"line":59,"column":61}},"59":{"start":{"line":60,"column":0},"end":{"line":60,"column":14}},"60":{"start":{"line":61,"column":0},"end":{"line":61,"column":31}},"61":{"start":{"line":62,"column":0},"end":{"line":62,"column":47}},"62":{"start":{"line":63,"column":0},"end":{"line":63,"column":59}},"63":{"start":{"line":64,"column":0},"end":{"line":64,"column":14}},"64":{"start":{"line":65,"column":0},"end":{"line":65,"column":12}},"65":{"start":{"line":66,"column":0},"end":{"line":66,"column":10}},"66":{"start":{"line":67,"column":0},"end":{"line":67,"column":8}},"70":{"start":{"line":71,"column":0},"end":{"line":71,"column":60}},"71":{"start":{"line":72,"column":0},"end":{"line":72,"column":50}},"72":{"start":{"line":73,"column":0},"end":{"line":73,"column":58}},"74":{"start":{"line":75,"column":0},"end":{"line":75,"column":28}},"76":{"start":{"line":77,"column":0},"end":{"line":77,"column":33}},"77":{"start":{"line":78,"column":0},"end":{"line":78,"column":39}},"80":{"start":{"line":81,"column":0},"end":{"line":81,"column":51}},"81":{"start":{"line":82,"column":0},"end":{"line":82,"column":26}},"84":{"start":{"line":85,"column":0},"end":{"line":85,"column":51}},"87":{"start":{"line":88,"column":0},"end":{"line":88,"column":68}},"88":{"start":{"line":89,"column":0},"end":{"line":89,"column":72}},"89":{"start":{"line":90,"column":0},"end":{"line":90,"column":54}},"90":{"start":{"line":91,"column":0},"end":{"line":91,"column":51}},"93":{"start":{"line":94,"column":0},"end":{"line":94,"column":40}},"94":{"start":{"line":95,"column":0},"end":{"line":95,"column":27}},"97":{"start":{"line":98,"column":0},"end":{"line":98,"column":38}},"98":{"start":{"line":99,"column":0},"end":{"line":99,"column":53}},"99":{"start":{"line":100,"column":0},"end":{"line":100,"column":41}},"100":{"start":{"line":101,"column":0},"end":{"line":101,"column":89}},"101":{"start":{"line":102,"column":0},"end":{"line":102,"column":3}},"104":{"start":{"line":105,"column":0},"end":{"line":105,"column":34}},"105":{"start":{"line":106,"column":0},"end":{"line":106,"column":63}},"106":{"start":{"line":107,"column":0},"end":{"line":107,"column":2}},"109":{"start":{"line":110,"column":0},"end":{"line":110,"column":28}},"110":{"start":{"line":111,"column":0},"end":{"line":111,"column":64}},"111":{"start":{"line":112,"column":0},"end":{"line":112,"column":24}},"112":{"start":{"line":113,"column":0},"end":{"line":113,"column":15}},"115":{"start":{"line":116,"column":0},"end":{"line":116,"column":35}},"116":{"start":{"line":117,"column":0},"end":{"line":117,"column":66}},"117":{"start":{"line":118,"column":0},"end":{"line":118,"column":26}},"118":{"start":{"line":119,"column":0},"end":{"line":119,"column":3}},"119":{"start":{"line":120,"column":0},"end":{"line":120,"column":2}},"122":{"start":{"line":123,"column":0},"end":{"line":123,"column":25}},"123":{"start":{"line":124,"column":0},"end":{"line":124,"column":24}},"124":{"start":{"line":125,"column":0},"end":{"line":125,"column":14}},"125":{"start":{"line":126,"column":0},"end":{"line":126,"column":24}},"126":{"start":{"line":127,"column":0},"end":{"line":127,"column":2}},"129":{"start":{"line":130,"column":0},"end":{"line":130,"column":27}},"130":{"start":{"line":131,"column":0},"end":{"line":131,"column":28}},"131":{"start":{"line":132,"column":0},"end":{"line":132,"column":48}},"132":{"start":{"line":133,"column":0},"end":{"line":133,"column":2}},"135":{"start":{"line":136,"column":0},"end":{"line":136,"column":26}},"136":{"start":{"line":137,"column":0},"end":{"line":137,"column":22}},"137":{"start":{"line":138,"column":0},"end":{"line":138,"column":33}},"138":{"start":{"line":139,"column":0},"end":{"line":139,"column":3}},"140":{"start":{"line":141,"column":0},"end":{"line":141,"column":54}},"142":{"start":{"line":143,"column":0},"end":{"line":143,"column":44}},"143":{"start":{"line":144,"column":0},"end":{"line":144,"column":44}},"144":{"start":{"line":145,"column":0},"end":{"line":145,"column":70}},"145":{"start":{"line":146,"column":0},"end":{"line":146,"column":53}},"146":{"start":{"line":147,"column":0},"end":{"line":147,"column":18}},"147":{"start":{"line":148,"column":0},"end":{"line":148,"column":5}},"148":{"start":{"line":149,"column":0},"end":{"line":149,"column":11}},"149":{"start":{"line":150,"column":0},"end":{"line":150,"column":2}},"152":{"start":{"line":153,"column":0},"end":{"line":153,"column":25}},"153":{"start":{"line":154,"column":0},"end":{"line":154,"column":22}},"154":{"start":{"line":155,"column":0},"end":{"line":155,"column":33}},"155":{"start":{"line":156,"column":0},"end":{"line":156,"column":25}},"156":{"start":{"line":157,"column":0},"end":{"line":157,"column":3}},"157":{"start":{"line":158,"column":0},"end":{"line":158,"column":2}},"160":{"start":{"line":161,"column":0},"end":{"line":161,"column":32}},"161":{"start":{"line":162,"column":0},"end":{"line":162,"column":48}},"162":{"start":{"line":163,"column":0},"end":{"line":163,"column":2}},"165":{"start":{"line":166,"column":0},"end":{"line":166,"column":17}},"167":{"start":{"line":168,"column":0},"end":{"line":168,"column":36}},"168":{"start":{"line":169,"column":0},"end":{"line":169,"column":31}},"171":{"start":{"line":172,"column":0},"end":{"line":172,"column":48}},"174":{"start":{"line":175,"column":0},"end":{"line":175,"column":69}},"177":{"start":{"line":178,"column":0},"end":{"line":178,"column":52}},"178":{"start":{"line":179,"column":0},"end":{"line":179,"column":64}},"179":{"start":{"line":180,"column":0},"end":{"line":180,"column":48}},"180":{"start":{"line":181,"column":0},"end":{"line":181,"column":17}},"181":{"start":{"line":182,"column":0},"end":{"line":182,"column":5}},"184":{"start":{"line":185,"column":0},"end":{"line":185,"column":71}},"185":{"start":{"line":186,"column":0},"end":{"line":186,"column":52}},"186":{"start":{"line":187,"column":0},"end":{"line":187,"column":17}},"187":{"start":{"line":188,"column":0},"end":{"line":188,"column":3}},"188":{"start":{"line":189,"column":0},"end":{"line":189,"column":3}},"190":{"start":{"line":191,"column":0},"end":{"line":191,"column":19}},"191":{"start":{"line":192,"column":0},"end":{"line":192,"column":14}},"192":{"start":{"line":193,"column":0},"end":{"line":193,"column":72}},"193":{"start":{"line":194,"column":0},"end":{"line":194,"column":58}},"194":{"start":{"line":195,"column":0},"end":{"line":195,"column":3}}},"s":{"1":0,"2":0,"3":0,"4":0,"5":0,"6":0,"7":0,"8":0,"9":0,"10":0,"11":0,"13":0,"14":0,"15":0,"16":0,"17":0,"18":0,"19":0,"20":0,"21":0,"22":0,"23":0,"24":0,"25":0,"26":0,"28":0,"29":0,"31":0,"32":0,"34":0,"35":0,"37":0,"38":0,"39":0,"40":0,"41":0,"43":0,"44":0,"45":0,"46":0,"47":0,"49":0,"50":0,"51":0,"52":0,"53":0,"54":0,"55":0,"56":0,"57":0,"58":0,"59":0,"60":0,"61":0,"62":0,"63":0,"64":0,"65":0,"66":0,"70":0,"71":0,"72":0,"74":0,"76":0,"77":0,"80":0,"81":0,"84":0,"87":0,"88":0,"89":0,"90":0,"93":0,"94":0,"97":0,"98":0,"99":0,"100":0,"101":0,"104":0,"105":0,"106":0,"109":0,"110":0,"111":0,"112":0,"115":0,"116":0,"117":0,"118":0,"119":0,"122":0,"123":0,"124":0,"125":0,"126":0,"129":0,"130":0,"131":0,"132":0,"135":0,"136":0,"137":0,"138":0,"140":0,"142":0,"143":0,"144":0,"145":0,"146":0,"147":0,"148":0,"149":0,"152":0,"153":0,"154":0,"155":0,"156":0,"157":0,"160":0,"161":0,"162":0,"165":0,"167":0,"168":0,"171":0,"174":0,"177":0,"178":0,"179":0,"180":0,"181":0,"184":0,"185":0,"186":0,"187":0,"188":0,"190":0,"191":0,"192":0,"193":0,"194":0},"branchMap":{"0":{"type":"branch","line":1,"loc":{"start":{"line":1,"column":5691},"end":{"line":196,"column":9}},"locations":[{"start":{"line":1,"column":5691},"end":{"line":196,"column":9}}]}},"b":{"0":[1]},"fnMap":{"0":{"name":"(empty-report)","decl":{"start":{"line":1,"column":5691},"end":{"line":196,"column":9}},"loc":{"start":{"line":1,"column":5691},"end":{"line":196,"column":9}},"line":1}},"f":{"0":1}}
,"/Users/amadeuszkozlowski/Documents/memory/src/components/GameHistory/GameHistory.vue": {"path":"/Users/amadeuszkozlowski/Documents/memory/src/components/GameHistory/GameHistory.vue","all":true,"statementMap":{"1":{"start":{"line":2,"column":0},"end":{"line":2,"column":28}},"2":{"start":{"line":3,"column":0},"end":{"line":3,"column":25}},"3":{"start":{"line":4,"column":0},"end":{"line":4,"column":59}},"5":{"start":{"line":6,"column":0},"end":{"line":6,"column":10}},"6":{"start":{"line":7,"column":0},"end":{"line":7,"column":40}},"7":{"start":{"line":8,"column":0},"end":{"line":8,"column":13}},"8":{"start":{"line":9,"column":0},"end":{"line":9,"column":12}},"9":{"start":{"line":10,"column":0},"end":{"line":10,"column":23}},"10":{"start":{"line":11,"column":0},"end":{"line":11,"column":29}},"11":{"start":{"line":12,"column":0},"end":{"line":12,"column":24}},"12":{"start":{"line":13,"column":0},"end":{"line":13,"column":23}},"13":{"start":{"line":14,"column":0},"end":{"line":14,"column":23}},"14":{"start":{"line":15,"column":0},"end":{"line":15,"column":26}},"15":{"start":{"line":16,"column":0},"end":{"line":16,"column":13}},"16":{"start":{"line":17,"column":0},"end":{"line":17,"column":14}},"17":{"start":{"line":18,"column":0},"end":{"line":18,"column":13}},"18":{"start":{"line":19,"column":0},"end":{"line":19,"column":57}},"19":{"start":{"line":20,"column":0},"end":{"line":20,"column":46}},"20":{"start":{"line":21,"column":0},"end":{"line":21,"column":63}},"21":{"start":{"line":22,"column":0},"end":{"line":22,"column":35}},"22":{"start":{"line":23,"column":0},"end":{"line":23,"column":46}},"23":{"start":{"line":24,"column":0},"end":{"line":24,"column":34}},"24":{"start":{"line":25,"column":0},"end":{"line":25,"column":14}},"25":{"start":{"line":26,"column":0},"end":{"line":26,"column":68}},"27":{"start":{"line":28,"column":0},"end":{"line":28,"column":21}},"28":{"start":{"line":29,"column":0},"end":{"line":29,"column":15}},"29":{"start":{"line":30,"column":0},"end":{"line":30,"column":13}},"30":{"start":{"line":31,"column":0},"end":{"line":31,"column":14}},"31":{"start":{"line":32,"column":0},"end":{"line":32,"column":12}},"32":{"start":{"line":33,"column":0},"end":{"line":33,"column":8}},"36":{"start":{"line":37,"column":0},"end":{"line":37,"column":31}},"37":{"start":{"line":38,"column":0},"end":{"line":38,"column":50}},"39":{"start":{"line":40,"column":0},"end":{"line":40,"column":27}},"41":{"start":{"line":42,"column":0},"end":{"line":42,"column":33}},"43":{"start":{"line":44,"column":0},"end":{"line":44,"column":50}},"46":{"start":{"line":47,"column":0},"end":{"line":47,"column":38}},"47":{"start":{"line":48,"column":0},"end":{"line":48,"column":44}},"48":{"start":{"line":49,"column":0},"end":{"line":49,"column":67}},"49":{"start":{"line":50,"column":0},"end":{"line":50,"column":5}},"50":{"start":{"line":51,"column":0},"end":{"line":51,"column":3}},"53":{"start":{"line":54,"column":0},"end":{"line":54,"column":44}},"54":{"start":{"line":55,"column":0},"end":{"line":55,"column":36}},"55":{"start":{"line":56,"column":0},"end":{"line":56,"column":43}},"56":{"start":{"line":57,"column":0},"end":{"line":57,"column":20}},"57":{"start":{"line":58,"column":0},"end":{"line":58,"column":19}},"58":{"start":{"line":59,"column":0},"end":{"line":59,"column":19}},"59":{"start":{"line":60,"column":0},"end":{"line":60,"column":20}},"60":{"start":{"line":61,"column":0},"end":{"line":61,"column":22}},"61":{"start":{"line":62,"column":0},"end":{"line":62,"column":18}},"62":{"start":{"line":63,"column":0},"end":{"line":63,"column":2}},"65":{"start":{"line":66,"column":0},"end":{"line":66,"column":41}},"66":{"start":{"line":67,"column":0},"end":{"line":67,"column":43}},"67":{"start":{"line":68,"column":0},"end":{"line":68,"column":40}},"68":{"start":{"line":69,"column":0},"end":{"line":69,"column":70}},"69":{"start":{"line":70,"column":0},"end":{"line":70,"column":2}},"72":{"start":{"line":73,"column":0},"end":{"line":73,"column":48}},"73":{"start":{"line":74,"column":0},"end":{"line":74,"column":52}},"74":{"start":{"line":75,"column":0},"end":{"line":75,"column":2}},"77":{"start":{"line":78,"column":0},"end":{"line":78,"column":44}},"78":{"start":{"line":79,"column":0},"end":{"line":79,"column":24}},"79":{"start":{"line":80,"column":0},"end":{"line":80,"column":49}},"80":{"start":{"line":81,"column":0},"end":{"line":81,"column":24}},"83":{"start":{"line":84,"column":0},"end":{"line":84,"column":59}},"84":{"start":{"line":85,"column":0},"end":{"line":85,"column":2}}},"s":{"1":0,"2":0,"3":0,"5":0,"6":0,"7":0,"8":0,"9":0,"10":0,"11":0,"12":0,"13":0,"14":0,"15":0,"16":0,"17":0,"18":0,"19":0,"20":0,"21":0,"22":0,"23":0,"24":0,"25":0,"27":0,"28":0,"29":0,"30":0,"31":0,"32":0,"36":0,"37":0,"39":0,"41":0,"43":0,"46":0,"47":0,"48":0,"49":0,"50":0,"53":0,"54":0,"55":0,"56":0,"57":0,"58":0,"59":0,"60":0,"61":0,"62":0,"65":0,"66":0,"67":0,"68":0,"69":0,"72":0,"73":0,"74":0,"77":0,"78":0,"79":0,"80":0,"83":0,"84":0},"branchMap":{"0":{"type":"branch","line":1,"loc":{"start":{"line":1,"column":2445},"end":{"line":86,"column":9}},"locations":[{"start":{"line":1,"column":2445},"end":{"line":86,"column":9}}]}},"b":{"0":[1]},"fnMap":{"0":{"name":"(empty-report)","decl":{"start":{"line":1,"column":2445},"end":{"line":86,"column":9}},"loc":{"start":{"line":1,"column":2445},"end":{"line":86,"column":9}},"line":1}},"f":{"0":1}}
,"/Users/amadeuszkozlowski/Documents/memory/src/services/soundService.ts": {"path":"/Users/amadeuszkozlowski/Documents/memory/src/services/soundService.ts","all":false,"statementMap":{"0":{"start":{"line":1,"column":0},"end":{"line":1,"column":26}},"4":{"start":{"line":5,"column":0},"end":{"line":5,"column":73}},"7":{"start":{"line":8,"column":0},"end":{"line":8,"column":31}},"8":{"start":{"line":9,"column":0},"end":{"line":9,"column":30}},"9":{"start":{"line":10,"column":0},"end":{"line":10,"column":29}},"10":{"start":{"line":11,"column":0},"end":{"line":11,"column":57}},"13":{"start":{"line":14,"column":0},"end":{"line":14,"column":29}},"14":{"start":{"line":15,"column":0},"end":{"line":15,"column":40}},"15":{"start":{"line":16,"column":0},"end":{"line":16,"column":42}},"16":{"start":{"line":17,"column":0},"end":{"line":17,"column":38}},"17":{"start":{"line":18,"column":0},"end":{"line":18,"column":4}},"20":{"start":{"line":21,"column":0},"end":{"line":21,"column":31}},"22":{"start":{"line":23,"column":0},"end":{"line":23,"column":31}},"23":{"start":{"line":24,"column":0},"end":{"line":24,"column":34}},"24":{"start":{"line":25,"column":0},"end":{"line":25,"column":5}},"27":{"start":{"line":28,"column":0},"end":{"line":28,"column":45}},"29":{"start":{"line":30,"column":0},"end":{"line":30,"column":48}},"30":{"start":{"line":31,"column":0},"end":{"line":31,"column":25}},"31":{"start":{"line":32,"column":0},"end":{"line":32,"column":7}},"33":{"start":{"line":34,"column":0},"end":{"line":34,"column":59}},"35":{"start":{"line":36,"column":0},"end":{"line":36,"column":60}},"36":{"start":{"line":37,"column":0},"end":{"line":37,"column":52}},"38":{"start":{"line":39,"column":0},"end":{"line":39,"column":74}},"39":{"start":{"line":40,"column":0},"end":{"line":40,"column":23}},"40":{"start":{"line":41,"column":0},"end":{"line":41,"column":13}},"41":{"start":{"line":42,"column":0},"end":{"line":42,"column":33}},"42":{"start":{"line":43,"column":0},"end":{"line":43,"column":20}},"43":{"start":{"line":44,"column":0},"end":{"line":44,"column":27}},"44":{"start":{"line":45,"column":0},"end":{"line":45,"column":55}},"45":{"start":{"line":46,"column":0},"end":{"line":46,"column":69}},"46":{"start":{"line":47,"column":0},"end":{"line":47,"column":14}},"47":{"start":{"line":48,"column":0},"end":{"line":48,"column":27}},"48":{"start":{"line":49,"column":0},"end":{"line":49,"column":12}},"51":{"start":{"line":52,"column":0},"end":{"line":52,"column":23}},"52":{"start":{"line":53,"column":0},"end":{"line":53,"column":11}},"53":{"start":{"line":54,"column":0},"end":{"line":54,"column":9}},"56":{"start":{"line":57,"column":0},"end":{"line":57,"column":40}},"57":{"start":{"line":58,"column":0},"end":{"line":58,"column":30}},"58":{"start":{"line":59,"column":0},"end":{"line":59,"column":18}},"59":{"start":{"line":60,"column":0},"end":{"line":60,"column":9}},"60":{"start":{"line":61,"column":0},"end":{"line":61,"column":7}},"62":{"start":{"line":63,"column":0},"end":{"line":63,"column":32}},"63":{"start":{"line":64,"column":0},"end":{"line":64,"column":4}},"66":{"start":{"line":67,"column":0},"end":{"line":67,"column":50}},"67":{"start":{"line":68,"column":0},"end":{"line":68,"column":24}},"68":{"start":{"line":69,"column":0},"end":{"line":69,"column":13}},"69":{"start":{"line":70,"column":0},"end":{"line":70,"column":5}},"71":{"start":{"line":72,"column":0},"end":{"line":72,"column":26}},"72":{"start":{"line":73,"column":0},"end":{"line":73,"column":78}},"73":{"start":{"line":74,"column":0},"end":{"line":74,"column":5}},"75":{"start":{"line":76,"column":0},"end":{"line":76,"column":9}},"76":{"start":{"line":77,"column":0},"end":{"line":77,"column":40}},"77":{"start":{"line":78,"column":0},"end":{"line":78,"column":35}},"80":{"start":{"line":81,"column":0},"end":{"line":81,"column":46}},"82":{"start":{"line":83,"column":0},"end":{"line":83,"column":38}},"83":{"start":{"line":84,"column":0},"end":{"line":84,"column":38}},"84":{"start":{"line":85,"column":0},"end":{"line":85,"column":64}},"85":{"start":{"line":86,"column":0},"end":{"line":86,"column":11}},"86":{"start":{"line":87,"column":0},"end":{"line":87,"column":7}},"87":{"start":{"line":88,"column":0},"end":{"line":88,"column":21}},"88":{"start":{"line":89,"column":0},"end":{"line":89,"column":60}},"89":{"start":{"line":90,"column":0},"end":{"line":90,"column":5}},"90":{"start":{"line":91,"column":0},"end":{"line":91,"column":4}},"93":{"start":{"line":94,"column":0},"end":{"line":94,"column":28}},"94":{"start":{"line":95,"column":0},"end":{"line":95,"column":35}},"97":{"start":{"line":98,"column":0},"end":{"line":98,"column":25}},"98":{"start":{"line":99,"column":0},"end":{"line":99,"column":24}},"99":{"start":{"line":100,"column":0},"end":{"line":100,"column":56}},"100":{"start":{"line":101,"column":0},"end":{"line":101,"column":31}},"101":{"start":{"line":102,"column":0},"end":{"line":102,"column":17}},"102":{"start":{"line":103,"column":0},"end":{"line":103,"column":17}},"103":{"start":{"line":104,"column":0},"end":{"line":104,"column":68}},"104":{"start":{"line":105,"column":0},"end":{"line":105,"column":14}},"105":{"start":{"line":106,"column":0},"end":{"line":106,"column":5}},"107":{"start":{"line":108,"column":0},"end":{"line":108,"column":70}},"110":{"start":{"line":111,"column":0},"end":{"line":111,"column":27}},"111":{"start":{"line":112,"column":0},"end":{"line":112,"column":46}},"112":{"start":{"line":113,"column":0},"end":{"line":113,"column":41}},"113":{"start":{"line":114,"column":0},"end":{"line":114,"column":9}},"114":{"start":{"line":115,"column":0},"end":{"line":115,"column":6}},"115":{"start":{"line":116,"column":0},"end":{"line":116,"column":4}},"118":{"start":{"line":119,"column":0},"end":{"line":119,"column":36}},"119":{"start":{"line":120,"column":0},"end":{"line":120,"column":62}},"120":{"start":{"line":121,"column":0},"end":{"line":121,"column":29}},"121":{"start":{"line":122,"column":0},"end":{"line":122,"column":43}},"122":{"start":{"line":123,"column":0},"end":{"line":123,"column":18}},"123":{"start":{"line":124,"column":0},"end":{"line":124,"column":73}},"124":{"start":{"line":125,"column":0},"end":{"line":125,"column":8}},"125":{"start":{"line":126,"column":0},"end":{"line":126,"column":5}},"126":{"start":{"line":127,"column":0},"end":{"line":127,"column":4}},"128":{"start":{"line":129,"column":0},"end":{"line":129,"column":10}},"129":{"start":{"line":130,"column":0},"end":{"line":130,"column":13}},"130":{"start":{"line":131,"column":0},"end":{"line":131,"column":12}},"131":{"start":{"line":132,"column":0},"end":{"line":132,"column":18}},"132":{"start":{"line":133,"column":0},"end":{"line":133,"column":14}},"133":{"start":{"line":134,"column":0},"end":{"line":134,"column":15}},"134":{"start":{"line":135,"column":0},"end":{"line":135,"column":23}},"135":{"start":{"line":136,"column":0},"end":{"line":136,"column":4}},"136":{"start":{"line":137,"column":0},"end":{"line":137,"column":1}},"139":{"start":{"line":140,"column":0},"end":{"line":140,"column":38}},"140":{"start":{"line":141,"column":0},"end":{"line":141,"column":25}},"141":{"start":{"line":142,"column":0},"end":{"line":142,"column":43}},"142":{"start":{"line":143,"column":0},"end":{"line":143,"column":3}},"143":{"start":{"line":144,"column":0},"end":{"line":144,"column":25}},"144":{"start":{"line":145,"column":0},"end":{"line":145,"column":2}}},"s":{"0":1,"4":1,"7":1,"8":1,"9":1,"10":1,"13":1,"14":1,"15":1,"16":1,"17":1,"20":1,"22":0,"23":0,"24":0,"27":0,"29":0,"30":0,"31":0,"33":0,"35":0,"36":0,"38":0,"39":0,"40":0,"41":0,"42":0,"43":0,"44":0,"45":0,"46":0,"47":0,"48":0,"51":0,"52":0,"53":0,"56":0,"57":0,"58":0,"59":0,"60":0,"62":0,"63":0,"66":1,"67":2,"68":1,"69":1,"71":2,"72":0,"73":0,"75":1,"76":1,"77":1,"80":1,"82":1,"83":1,"84":0,"85":1,"86":1,"87":2,"88":0,"89":0,"90":2,"93":1,"94":2,"97":2,"98":1,"99":1,"100":1,"101":1,"102":1,"103":1,"104":1,"105":1,"107":2,"110":2,"111":2,"112":2,"113":2,"114":2,"115":2,"118":1,"119":1,"120":1,"121":1,"122":1,"123":1,"124":1,"125":1,"126":1,"128":1,"129":1,"130":1,"131":1,"132":1,"133":1,"134":1,"135":1,"136":1,"139":1,"140":6,"141":1,"142":1,"143":6,"144":6},"branchMap":{"0":{"type":"branch","line":8,"loc":{"start":{"line":8,"column":0},"end":{"line":137,"column":1}},"locations":[{"start":{"line":8,"column":0},"end":{"line":137,"column":1}}]},"1":{"type":"branch","line":67,"loc":{"start":{"line":67,"column":20},"end":{"line":91,"column":4}},"locations":[{"start":{"line":67,"column":20},"end":{"line":91,"column":4}}]},"2":{"type":"branch","line":68,"loc":{"start":{"line":68,"column":23},"end":{"line":72,"column":25}},"locations":[{"start":{"line":68,"column":23},"end":{"line":72,"column":25}}]},"3":{"type":"branch","line":72,"loc":{"start":{"line":72,"column":25},"end":{"line":74,"column":5}},"locations":[{"start":{"line":72,"column":25},"end":{"line":74,"column":5}}]},"4":{"type":"branch","line":74,"loc":{"start":{"line":74,"column":4},"end":{"line":87,"column":7}},"locations":[{"start":{"line":74,"column":4},"end":{"line":87,"column":7}}]},"5":{"type":"branch","line":88,"loc":{"start":{"line":88,"column":4},"end":{"line":90,"column":5}},"locations":[{"start":{"line":88,"column":4},"end":{"line":90,"column":5}}]},"6":{"type":"branch","line":94,"loc":{"start":{"line":94,"column":21},"end":{"line":116,"column":4}},"locations":[{"start":{"line":94,"column":21},"end":{"line":116,"column":4}}]},"7":{"type":"branch","line":98,"loc":{"start":{"line":98,"column":24},"end":{"line":106,"column":5}},"locations":[{"start":{"line":98,"column":24},"end":{"line":106,"column":5}}]},"8":{"type":"branch","line":99,"loc":{"start":{"line":99,"column":17},"end":{"line":105,"column":9}},"locations":[{"start":{"line":99,"column":17},"end":{"line":105,"column":9}}]},"9":{"type":"branch","line":119,"loc":{"start":{"line":119,"column":29},"end":{"line":127,"column":4}},"locations":[{"start":{"line":119,"column":29},"end":{"line":127,"column":4}}]},"10":{"type":"branch","line":124,"loc":{"start":{"line":124,"column":51},"end":{"line":124,"column":70}},"locations":[{"start":{"line":124,"column":51},"end":{"line":124,"column":70}}]},"11":{"type":"branch","line":140,"loc":{"start":{"line":140,"column":31},"end":{"line":145,"column":2}},"locations":[{"start":{"line":140,"column":31},"end":{"line":145,"column":2}}]},"12":{"type":"branch","line":141,"loc":{"start":{"line":141,"column":24},"end":{"line":143,"column":3}},"locations":[{"start":{"line":141,"column":24},"end":{"line":143,"column":3}}]}},"b":{"0":[1],"1":[2],"2":[1],"3":[0],"4":[1],"5":[0],"6":[2],"7":[1],"8":[1],"9":[1],"10":[0],"11":[6],"12":[1]},"fnMap":{"0":{"name":"createSoundService","decl":{"start":{"line":8,"column":0},"end":{"line":137,"column":1}},"loc":{"start":{"line":8,"column":0},"end":{"line":137,"column":1}},"line":8},"1":{"name":"preloadSounds","decl":{"start":{"line":21,"column":24},"end":{"line":64,"column":4}},"loc":{"start":{"line":21,"column":24},"end":{"line":64,"column":4}},"line":21},"2":{"name":"playSound","decl":{"start":{"line":67,"column":20},"end":{"line":91,"column":4}},"loc":{"start":{"line":67,"column":20},"end":{"line":91,"column":4}},"line":67},"3":{"name":"toggleMute","decl":{"start":{"line":94,"column":21},"end":{"line":116,"column":4}},"loc":{"start":{"line":94,"column":21},"end":{"line":116,"column":4}},"line":94},"4":{"name":"loadMutePreference","decl":{"start":{"line":119,"column":29},"end":{"line":127,"column":4}},"loc":{"start":{"line":119,"column":29},"end":{"line":127,"column":4}},"line":119},"5":{"name":"useSoundEffects","decl":{"start":{"line":140,"column":31},"end":{"line":145,"column":2}},"loc":{"start":{"line":140,"column":31},"end":{"line":145,"column":2}},"line":140}},"f":{"0":1,"1":0,"2":2,"3":2,"4":1,"5":6}}
,"/Users/amadeuszkozlowski/Documents/memory/src/stores/gameStore.ts": {"path":"/Users/amadeuszkozlowski/Documents/memory/src/stores/gameStore.ts","all":false,"statementMap":{"0":{"start":{"line":1,"column":0},"end":{"line":1,"column":36}},"1":{"start":{"line":2,"column":0},"end":{"line":2,"column":36}},"10":{"start":{"line":11,"column":0},"end":{"line":11,"column":55}},"12":{"start":{"line":13,"column":0},"end":{"line":13,"column":45}},"13":{"start":{"line":14,"column":0},"end":{"line":14,"column":32}},"14":{"start":{"line":15,"column":0},"end":{"line":15,"column":41}},"15":{"start":{"line":16,"column":0},"end":{"line":16,"column":41}},"16":{"start":{"line":17,"column":0},"end":{"line":17,"column":43}},"17":{"start":{"line":18,"column":0},"end":{"line":18,"column":31}},"18":{"start":{"line":19,"column":0},"end":{"line":19,"column":45}},"19":{"start":{"line":20,"column":0},"end":{"line":20,"column":43}},"20":{"start":{"line":21,"column":0},"end":{"line":21,"column":27}},"21":{"start":{"line":22,"column":0},"end":{"line":22,"column":42}},"24":{"start":{"line":25,"column":0},"end":{"line":25,"column":30}},"25":{"start":{"line":26,"column":0},"end":{"line":26,"column":31}},"26":{"start":{"line":27,"column":0},"end":{"line":27,"column":33}},"27":{"start":{"line":28,"column":0},"end":{"line":28,"column":31}},"28":{"start":{"line":29,"column":0},"end":{"line":29,"column":4}},"31":{"start":{"line":32,"column":0},"end":{"line":32,"column":80}},"32":{"start":{"line":33,"column":0},"end":{"line":33,"column":74}},"33":{"start":{"line":34,"column":0},"end":{"line":34,"column":73}},"34":{"start":{"line":35,"column":0},"end":{"line":35,"column":69}},"35":{"start":{"line":36,"column":0},"end":{"line":36,"column":5}},"36":{"start":{"line":37,"column":0},"end":{"line":37,"column":12}},"37":{"start":{"line":38,"column":0},"end":{"line":38,"column":27}},"38":{"start":{"line":39,"column":0},"end":{"line":39,"column":25}},"39":{"start":{"line":40,"column":0},"end":{"line":40,"column":34}},"40":{"start":{"line":41,"column":0},"end":{"line":41,"column":6}},"41":{"start":{"line":42,"column":0},"end":{"line":42,"column":5}},"42":{"start":{"line":43,"column":0},"end":{"line":43,"column":12}},"43":{"start":{"line":44,"column":0},"end":{"line":44,"column":23}},"44":{"start":{"line":45,"column":0},"end":{"line":45,"column":23}},"45":{"start":{"line":46,"column":0},"end":{"line":46,"column":36}},"46":{"start":{"line":47,"column":0},"end":{"line":47,"column":6}},"47":{"start":{"line":48,"column":0},"end":{"line":48,"column":75}},"48":{"start":{"line":49,"column":0},"end":{"line":49,"column":73}},"49":{"start":{"line":50,"column":0},"end":{"line":50,"column":73}},"50":{"start":{"line":51,"column":0},"end":{"line":51,"column":73}},"51":{"start":{"line":52,"column":0},"end":{"line":52,"column":72}},"52":{"start":{"line":53,"column":0},"end":{"line":53,"column":76}},"53":{"start":{"line":54,"column":0},"end":{"line":54,"column":76}},"54":{"start":{"line":55,"column":0},"end":{"line":55,"column":80}},"55":{"start":{"line":56,"column":0},"end":{"line":56,"column":78}},"56":{"start":{"line":57,"column":0},"end":{"line":57,"column":5}},"57":{"start":{"line":58,"column":0},"end":{"line":58,"column":13}},"58":{"start":{"line":59,"column":0},"end":{"line":59,"column":25}},"59":{"start":{"line":60,"column":0},"end":{"line":60,"column":25}},"60":{"start":{"line":61,"column":0},"end":{"line":61,"column":38}},"61":{"start":{"line":62,"column":0},"end":{"line":62,"column":6}},"62":{"start":{"line":63,"column":0},"end":{"line":63,"column":4}},"64":{"start":{"line":65,"column":0},"end":{"line":65,"column":27}},"65":{"start":{"line":66,"column":0},"end":{"line":66,"column":59}},"66":{"start":{"line":67,"column":0},"end":{"line":67,"column":61}},"67":{"start":{"line":68,"column":0},"end":{"line":68,"column":57}},"68":{"start":{"line":69,"column":0},"end":{"line":69,"column":62}},"69":{"start":{"line":70,"column":0},"end":{"line":70,"column":4}},"72":{"start":{"line":73,"column":0},"end":{"line":73,"column":30}},"73":{"start":{"line":74,"column":0},"end":{"line":74,"column":9}},"74":{"start":{"line":75,"column":0},"end":{"line":75,"column":57}},"75":{"start":{"line":76,"column":0},"end":{"line":76,"column":29}},"76":{"start":{"line":77,"column":0},"end":{"line":77,"column":4}},"77":{"start":{"line":78,"column":0},"end":{"line":78,"column":39}},"78":{"start":{"line":79,"column":0},"end":{"line":79,"column":12}},"79":{"start":{"line":80,"column":0},"end":{"line":80,"column":29}},"80":{"start":{"line":81,"column":0},"end":{"line":81,"column":11}},"81":{"start":{"line":82,"column":0},"end":{"line":82,"column":40}},"82":{"start":{"line":83,"column":0},"end":{"line":83,"column":64}},"83":{"start":{"line":84,"column":0},"end":{"line":84,"column":14}},"84":{"start":{"line":85,"column":0},"end":{"line":85,"column":35}},"85":{"start":{"line":86,"column":0},"end":{"line":86,"column":6}},"86":{"start":{"line":87,"column":0},"end":{"line":87,"column":5}},"89":{"start":{"line":90,"column":0},"end":{"line":90,"column":39}},"90":{"start":{"line":91,"column":0},"end":{"line":91,"column":17}},"91":{"start":{"line":92,"column":0},"end":{"line":92,"column":43}},"92":{"start":{"line":93,"column":0},"end":{"line":93,"column":53}},"93":{"start":{"line":94,"column":0},"end":{"line":94,"column":53}},"94":{"start":{"line":95,"column":0},"end":{"line":95,"column":5}},"96":{"start":{"line":97,"column":0},"end":{"line":97,"column":39}},"97":{"start":{"line":98,"column":0},"end":{"line":98,"column":29}},"98":{"start":{"line":99,"column":0},"end":{"line":99,"column":3}},"101":{"start":{"line":102,"column":0},"end":{"line":102,"column":72}},"102":{"start":{"line":103,"column":0},"end":{"line":103,"column":42}},"103":{"start":{"line":104,"column":0},"end":{"line":104,"column":66}},"104":{"start":{"line":105,"column":0},"end":{"line":105,"column":54}},"107":{"start":{"line":108,"column":0},"end":{"line":108,"column":72}},"110":{"start":{"line":111,"column":0},"end":{"line":111,"column":28}},"111":{"start":{"line":112,"column":0},"end":{"line":112,"column":28}},"112":{"start":{"line":113,"column":0},"end":{"line":113,"column":24}},"113":{"start":{"line":114,"column":0},"end":{"line":114,"column":27}},"114":{"start":{"line":115,"column":0},"end":{"line":115,"column":25}},"115":{"start":{"line":116,"column":0},"end":{"line":116,"column":29}},"118":{"start":{"line":119,"column":0},"end":{"line":119,"column":36}},"119":{"start":{"line":120,"column":0},"end":{"line":120,"column":37}},"122":{"start":{"line":123,"column":0},"end":{"line":123,"column":55}},"123":{"start":{"line":124,"column":0},"end":{"line":124,"column":78}},"124":{"start":{"line":125,"column":0},"end":{"line":125,"column":78}},"125":{"start":{"line":126,"column":0},"end":{"line":126,"column":5}},"128":{"start":{"line":129,"column":0},"end":{"line":129,"column":60}},"131":{"start":{"line":132,"column":0},"end":{"line":132,"column":36}},"132":{"start":{"line":133,"column":0},"end":{"line":133,"column":26}},"133":{"start":{"line":134,"column":0},"end":{"line":134,"column":27}},"134":{"start":{"line":135,"column":0},"end":{"line":135,"column":24}},"135":{"start":{"line":136,"column":0},"end":{"line":136,"column":74}},"136":{"start":{"line":137,"column":0},"end":{"line":137,"column":26}},"137":{"start":{"line":138,"column":0},"end":{"line":138,"column":9}},"138":{"start":{"line":139,"column":0},"end":{"line":139,"column":26}},"139":{"start":{"line":140,"column":0},"end":{"line":140,"column":27}},"140":{"start":{"line":141,"column":0},"end":{"line":141,"column":24}},"141":{"start":{"line":142,"column":0},"end":{"line":142,"column":74}},"142":{"start":{"line":143,"column":0},"end":{"line":143,"column":26}},"143":{"start":{"line":144,"column":0},"end":{"line":144,"column":9}},"144":{"start":{"line":145,"column":0},"end":{"line":145,"column":7}},"147":{"start":{"line":148,"column":0},"end":{"line":148,"column":34}},"148":{"start":{"line":149,"column":0},"end":{"line":149,"column":38}},"149":{"start":{"line":150,"column":0},"end":{"line":150,"column":37}},"150":{"start":{"line":151,"column":0},"end":{"line":151,"column":68}},"151":{"start":{"line":152,"column":0},"end":{"line":152,"column":31}},"152":{"start":{"line":153,"column":0},"end":{"line":153,"column":8}},"153":{"start":{"line":154,"column":0},"end":{"line":154,"column":63}},"154":{"start":{"line":155,"column":0},"end":{"line":155,"column":5}},"156":{"start":{"line":157,"column":0},"end":{"line":157,"column":29}},"159":{"start":{"line":160,"column":0},"end":{"line":160,"column":20}},"160":{"start":{"line":161,"column":0},"end":{"line":161,"column":3}},"163":{"start":{"line":164,"column":0},"end":{"line":164,"column":24}},"164":{"start":{"line":165,"column":0},"end":{"line":165,"column":40}},"165":{"start":{"line":166,"column":0},"end":{"line":166,"column":35}},"166":{"start":{"line":167,"column":0},"end":{"line":167,"column":34}},"167":{"start":{"line":168,"column":0},"end":{"line":168,"column":22}},"168":{"start":{"line":169,"column":0},"end":{"line":169,"column":5}},"169":{"start":{"line":170,"column":0},"end":{"line":170,"column":3}},"172":{"start":{"line":173,"column":0},"end":{"line":173,"column":40}},"174":{"start":{"line":175,"column":0},"end":{"line":175,"column":8}},"175":{"start":{"line":176,"column":0},"end":{"line":176,"column":47}},"176":{"start":{"line":177,"column":0},"end":{"line":177,"column":47}},"177":{"start":{"line":178,"column":0},"end":{"line":178,"column":39}},"178":{"start":{"line":179,"column":0},"end":{"line":179,"column":35}},"179":{"start":{"line":180,"column":0},"end":{"line":180,"column":7}},"180":{"start":{"line":181,"column":0},"end":{"line":181,"column":19}},"181":{"start":{"line":182,"column":0},"end":{"line":182,"column":5}},"183":{"start":{"line":184,"column":0},"end":{"line":184,"column":39}},"186":{"start":{"line":187,"column":0},"end":{"line":187,"column":35}},"187":{"start":{"line":188,"column":0},"end":{"line":188,"column":35}},"188":{"start":{"line":189,"column":0},"end":{"line":189,"column":34}},"189":{"start":{"line":190,"column":0},"end":{"line":190,"column":5}},"192":{"start":{"line":193,"column":0},"end":{"line":193,"column":42}},"193":{"start":{"line":194,"column":0},"end":{"line":194,"column":24}},"195":{"start":{"line":196,"column":0},"end":{"line":196,"column":55}},"196":{"start":{"line":197,"column":0},"end":{"line":197,"column":55}},"199":{"start":{"line":200,"column":0},"end":{"line":200,"column":62}},"200":{"start":{"line":201,"column":0},"end":{"line":201,"column":55}},"201":{"start":{"line":202,"column":0},"end":{"line":202,"column":32}},"204":{"start":{"line":205,"column":0},"end":{"line":205,"column":63}},"205":{"start":{"line":206,"column":0},"end":{"line":206,"column":20}},"206":{"start":{"line":207,"column":0},"end":{"line":207,"column":9}},"207":{"start":{"line":208,"column":0},"end":{"line":208,"column":20}},"208":{"start":{"line":209,"column":0},"end":{"line":209,"column":14}},"210":{"start":{"line":211,"column":0},"end":{"line":211,"column":26}},"211":{"start":{"line":212,"column":0},"end":{"line":212,"column":34}},"212":{"start":{"line":213,"column":0},"end":{"line":213,"column":26}},"213":{"start":{"line":214,"column":0},"end":{"line":214,"column":17}},"214":{"start":{"line":215,"column":0},"end":{"line":215,"column":21}},"215":{"start":{"line":216,"column":0},"end":{"line":216,"column":7}},"216":{"start":{"line":217,"column":0},"end":{"line":217,"column":5}},"218":{"start":{"line":219,"column":0},"end":{"line":219,"column":20}},"219":{"start":{"line":220,"column":0},"end":{"line":220,"column":16}},"220":{"start":{"line":221,"column":0},"end":{"line":221,"column":3}},"223":{"start":{"line":224,"column":0},"end":{"line":224,"column":22}},"224":{"start":{"line":225,"column":0},"end":{"line":225,"column":40}},"225":{"start":{"line":226,"column":0},"end":{"line":226,"column":33}},"226":{"start":{"line":227,"column":0},"end":{"line":227,"column":36}},"228":{"start":{"line":229,"column":0},"end":{"line":229,"column":40}},"229":{"start":{"line":230,"column":0},"end":{"line":230,"column":23}},"230":{"start":{"line":231,"column":0},"end":{"line":231,"column":25}},"231":{"start":{"line":232,"column":0},"end":{"line":232,"column":37}},"232":{"start":{"line":233,"column":0},"end":{"line":233,"column":31}},"233":{"start":{"line":234,"column":0},"end":{"line":234,"column":25}},"234":{"start":{"line":235,"column":0},"end":{"line":235,"column":75}},"235":{"start":{"line":236,"column":0},"end":{"line":236,"column":10}},"236":{"start":{"line":237,"column":0},"end":{"line":237,"column":39}},"237":{"start":{"line":238,"column":0},"end":{"line":238,"column":8}},"239":{"start":{"line":240,"column":0},"end":{"line":240,"column":37}},"240":{"start":{"line":241,"column":0},"end":{"line":241,"column":20}},"241":{"start":{"line":242,"column":0},"end":{"line":242,"column":23}},"242":{"start":{"line":243,"column":0},"end":{"line":243,"column":5}},"243":{"start":{"line":244,"column":0},"end":{"line":244,"column":3}},"246":{"start":{"line":247,"column":0},"end":{"line":247,"column":28}},"247":{"start":{"line":248,"column":0},"end":{"line":248,"column":40}},"248":{"start":{"line":249,"column":0},"end":{"line":249,"column":21}},"249":{"start":{"line":250,"column":0},"end":{"line":250,"column":27}},"250":{"start":{"line":251,"column":0},"end":{"line":251,"column":41}},"251":{"start":{"line":252,"column":0},"end":{"line":252,"column":41}},"252":{"start":{"line":253,"column":0},"end":{"line":253,"column":37}},"253":{"start":{"line":254,"column":0},"end":{"line":254,"column":25}},"254":{"start":{"line":255,"column":0},"end":{"line":255,"column":35}},"255":{"start":{"line":256,"column":0},"end":{"line":256,"column":35}},"256":{"start":{"line":257,"column":0},"end":{"line":257,"column":35}},"257":{"start":{"line":258,"column":0},"end":{"line":258,"column":8}},"258":{"start":{"line":259,"column":0},"end":{"line":259,"column":69}},"259":{"start":{"line":260,"column":0},"end":{"line":260,"column":5}},"260":{"start":{"line":261,"column":0},"end":{"line":261,"column":3}},"263":{"start":{"line":264,"column":0},"end":{"line":264,"column":37}},"264":{"start":{"line":265,"column":0},"end":{"line":265,"column":63}},"265":{"start":{"line":266,"column":0},"end":{"line":266,"column":21}},"266":{"start":{"line":267,"column":0},"end":{"line":267,"column":11}},"267":{"start":{"line":268,"column":0},"end":{"line":268,"column":45}},"268":{"start":{"line":269,"column":0},"end":{"line":269,"column":34}},"269":{"start":{"line":270,"column":0},"end":{"line":270,"column":48}},"270":{"start":{"line":271,"column":0},"end":{"line":271,"column":48}},"271":{"start":{"line":272,"column":0},"end":{"line":272,"column":44}},"272":{"start":{"line":273,"column":0},"end":{"line":273,"column":32}},"273":{"start":{"line":274,"column":0},"end":{"line":274,"column":42}},"274":{"start":{"line":275,"column":0},"end":{"line":275,"column":42}},"275":{"start":{"line":276,"column":0},"end":{"line":276,"column":42}},"276":{"start":{"line":277,"column":0},"end":{"line":277,"column":20}},"277":{"start":{"line":278,"column":0},"end":{"line":278,"column":23}},"278":{"start":{"line":279,"column":0},"end":{"line":279,"column":58}},"279":{"start":{"line":280,"column":0},"end":{"line":280,"column":21}},"280":{"start":{"line":281,"column":0},"end":{"line":281,"column":7}},"281":{"start":{"line":282,"column":0},"end":{"line":282,"column":5}},"282":{"start":{"line":283,"column":0},"end":{"line":283,"column":17}},"283":{"start":{"line":284,"column":0},"end":{"line":284,"column":3}},"286":{"start":{"line":287,"column":0},"end":{"line":287,"column":29}},"287":{"start":{"line":288,"column":0},"end":{"line":288,"column":47}},"288":{"start":{"line":289,"column":0},"end":{"line":289,"column":3}},"291":{"start":{"line":292,"column":0},"end":{"line":292,"column":26}},"292":{"start":{"line":293,"column":0},"end":{"line":293,"column":67}},"293":{"start":{"line":294,"column":0},"end":{"line":294,"column":23}},"294":{"start":{"line":295,"column":0},"end":{"line":295,"column":11}},"295":{"start":{"line":296,"column":0},"end":{"line":296,"column":49}},"296":{"start":{"line":297,"column":0},"end":{"line":297,"column":23}},"297":{"start":{"line":298,"column":0},"end":{"line":298,"column":60}},"298":{"start":{"line":299,"column":0},"end":{"line":299,"column":7}},"299":{"start":{"line":300,"column":0},"end":{"line":300,"column":5}},"300":{"start":{"line":301,"column":0},"end":{"line":301,"column":3}},"303":{"start":{"line":304,"column":0},"end":{"line":304,"column":26}},"304":{"start":{"line":305,"column":0},"end":{"line":305,"column":77}},"305":{"start":{"line":306,"column":0},"end":{"line":306,"column":3}},"308":{"start":{"line":309,"column":0},"end":{"line":309,"column":24}},"309":{"start":{"line":310,"column":0},"end":{"line":310,"column":21}},"310":{"start":{"line":311,"column":0},"end":{"line":311,"column":21}},"311":{"start":{"line":312,"column":0},"end":{"line":312,"column":28}},"312":{"start":{"line":313,"column":0},"end":{"line":313,"column":28}},"313":{"start":{"line":314,"column":0},"end":{"line":314,"column":29}},"314":{"start":{"line":315,"column":0},"end":{"line":315,"column":27}},"315":{"start":{"line":316,"column":0},"end":{"line":316,"column":25}},"316":{"start":{"line":317,"column":0},"end":{"line":317,"column":24}},"317":{"start":{"line":318,"column":0},"end":{"line":318,"column":3}},"320":{"start":{"line":321,"column":0},"end":{"line":321,"column":16}},"322":{"start":{"line":323,"column":0},"end":{"line":323,"column":10}},"324":{"start":{"line":325,"column":0},"end":{"line":325,"column":15}},"325":{"start":{"line":326,"column":0},"end":{"line":326,"column":10}},"326":{"start":{"line":327,"column":0},"end":{"line":327,"column":17}},"327":{"start":{"line":328,"column":0},"end":{"line":328,"column":17}},"328":{"start":{"line":329,"column":0},"end":{"line":329,"column":14}},"329":{"start":{"line":330,"column":0},"end":{"line":330,"column":9}},"330":{"start":{"line":331,"column":0},"end":{"line":331,"column":14}},"331":{"start":{"line":332,"column":0},"end":{"line":332,"column":12}},"332":{"start":{"line":333,"column":0},"end":{"line":333,"column":14}},"333":{"start":{"line":334,"column":0},"end":{"line":334,"column":12}},"336":{"start":{"line":337,"column":0},"end":{"line":337,"column":15}},"337":{"start":{"line":338,"column":0},"end":{"line":338,"column":17}},"338":{"start":{"line":339,"column":0},"end":{"line":339,"column":20}},"341":{"start":{"line":342,"column":0},"end":{"line":342,"column":13}},"342":{"start":{"line":343,"column":0},"end":{"line":343,"column":14}},"343":{"start":{"line":344,"column":0},"end":{"line":344,"column":13}},"344":{"start":{"line":345,"column":0},"end":{"line":345,"column":12}},"345":{"start":{"line":346,"column":0},"end":{"line":346,"column":14}},"346":{"start":{"line":347,"column":0},"end":{"line":347,"column":18}},"347":{"start":{"line":348,"column":0},"end":{"line":348,"column":19}},"348":{"start":{"line":349,"column":0},"end":{"line":349,"column":4}},"349":{"start":{"line":350,"column":0},"end":{"line":350,"column":3}}},"s":{"0":1,"1":1,"10":1,"12":15,"13":15,"14":15,"15":15,"16":15,"17":15,"18":15,"19":15,"20":15,"21":15,"24":15,"25":15,"26":15,"27":15,"28":15,"31":15,"32":15,"33":15,"34":15,"35":15,"36":15,"37":15,"38":15,"39":15,"40":15,"41":15,"42":15,"43":15,"44":15,"45":15,"46":15,"47":15,"48":15,"49":15,"50":15,"51":15,"52":15,"53":15,"54":15,"55":15,"56":15,"57":15,"58":15,"59":15,"60":15,"61":15,"62":15,"64":15,"65":15,"66":15,"67":15,"68":15,"69":15,"72":15,"73":15,"74":1,"75":0,"76":15,"77":15,"78":0,"79":0,"80":0,"81":0,"82":0,"83":0,"84":0,"85":0,"86":15,"89":15,"90":406,"91":406,"92":3872,"93":3872,"94":3872,"96":406,"97":406,"98":406,"101":15,"102":13,"103":13,"104":13,"107":13,"110":13,"111":13,"112":13,"113":13,"114":13,"115":13,"118":13,"119":13,"122":13,"123":182,"124":182,"125":182,"128":13,"131":13,"132":112,"133":112,"134":112,"135":112,"136":112,"137":112,"138":112,"139":112,"140":112,"141":112,"142":112,"143":112,"144":13,"147":13,"148":13,"149":224,"150":224,"151":224,"152":224,"153":224,"154":224,"156":13,"159":13,"160":13,"163":15,"164":13,"165":13,"166":13,"167":13,"168":13,"169":13,"172":15,"174":13,"175":13,"176":13,"177":13,"178":13,"179":13,"180":0,"181":0,"183":13,"186":13,"187":0,"188":0,"189":0,"192":13,"193":5,"195":5,"196":5,"199":5,"200":4,"201":4,"204":4,"205":1,"206":1,"207":4,"208":5,"210":1,"211":0,"212":0,"213":1,"214":1,"215":1,"216":5,"218":8,"219":8,"220":13,"223":15,"224":1,"225":1,"226":1,"228":1,"229":1,"230":1,"231":1,"232":1,"233":1,"234":1,"235":1,"236":1,"237":1,"239":1,"240":1,"241":1,"242":1,"243":1,"246":15,"247":34,"248":21,"249":21,"250":21,"251":21,"252":21,"253":21,"254":21,"255":21,"256":21,"257":21,"258":21,"259":21,"260":34,"263":15,"264":1,"265":1,"266":1,"267":1,"268":1,"269":1,"270":1,"271":1,"272":1,"273":1,"274":1,"275":1,"276":1,"277":1,"278":0,"279":0,"280":0,"281":1,"282":0,"283":1,"286":15,"287":1,"288":1,"291":15,"292":15,"293":15,"294":0,"295":0,"296":0,"297":0,"298":0,"299":0,"300":15,"303":15,"304":1,"305":1,"308":15,"309":0,"310":0,"311":0,"312":0,"313":0,"314":0,"315":0,"316":0,"317":0,"320":15,"322":15,"324":15,"325":15,"326":15,"327":15,"328":15,"329":15,"330":15,"331":15,"332":15,"333":15,"336":15,"337":15,"338":15,"341":15,"342":15,"343":15,"344":15,"345":15,"346":15,"347":15,"348":15,"349":15},"branchMap":{"0":{"type":"branch","line":11,"loc":{"start":{"line":11,"column":48},"end":{"line":350,"column":3}},"locations":[{"start":{"line":11,"column":48},"end":{"line":350,"column":3}}]},"1":{"type":"branch","line":74,"loc":{"start":{"line":74,"column":4},"end":{"line":76,"column":29}},"locations":[{"start":{"line":74,"column":4},"end":{"line":76,"column":29}}]},"2":{"type":"branch","line":75,"loc":{"start":{"line":75,"column":48},"end":{"line":76,"column":29}},"locations":[{"start":{"line":75,"column":48},"end":{"line":76,"column":29}}]},"3":{"type":"branch","line":90,"loc":{"start":{"line":90,"column":2},"end":{"line":99,"column":3}},"locations":[{"start":{"line":90,"column":2},"end":{"line":99,"column":3}}]},"4":{"type":"branch","line":92,"loc":{"start":{"line":92,"column":42},"end":{"line":95,"column":5}},"locations":[{"start":{"line":92,"column":42},"end":{"line":95,"column":5}}]},"5":{"type":"branch","line":102,"loc":{"start":{"line":102,"column":2},"end":{"line":161,"column":3}},"locations":[{"start":{"line":102,"column":2},"end":{"line":161,"column":3}}]},"6":{"type":"branch","line":108,"loc":{"start":{"line":108,"column":17},"end":{"line":108,"column":72}},"locations":[{"start":{"line":108,"column":17},"end":{"line":108,"column":72}}]},"7":{"type":"branch","line":123,"loc":{"start":{"line":123,"column":54},"end":{"line":126,"column":5}},"locations":[{"start":{"line":123,"column":54},"end":{"line":126,"column":5}}]},"8":{"type":"branch","line":149,"loc":{"start":{"line":149,"column":37},"end":{"line":155,"column":5}},"locations":[{"start":{"line":149,"column":37},"end":{"line":155,"column":5}}]},"9":{"type":"branch","line":132,"loc":{"start":{"line":132,"column":25},"end":{"line":145,"column":5}},"locations":[{"start":{"line":132,"column":25},"end":{"line":145,"column":5}}]},"10":{"type":"branch","line":164,"loc":{"start":{"line":164,"column":2},"end":{"line":170,"column":3}},"locations":[{"start":{"line":164,"column":2},"end":{"line":170,"column":3}}]},"11":{"type":"branch","line":173,"loc":{"start":{"line":173,"column":2},"end":{"line":221,"column":3}},"locations":[{"start":{"line":173,"column":2},"end":{"line":221,"column":3}}]},"12":{"type":"branch","line":180,"loc":{"start":{"line":180,"column":6},"end":{"line":182,"column":5}},"locations":[{"start":{"line":180,"column":6},"end":{"line":182,"column":5}}]},"13":{"type":"branch","line":187,"loc":{"start":{"line":187,"column":34},"end":{"line":190,"column":5}},"locations":[{"start":{"line":187,"column":34},"end":{"line":190,"column":5}}]},"14":{"type":"branch","line":193,"loc":{"start":{"line":193,"column":41},"end":{"line":217,"column":5}},"locations":[{"start":{"line":193,"column":41},"end":{"line":217,"column":5}}]},"15":{"type":"branch","line":200,"loc":{"start":{"line":200,"column":61},"end":{"line":209,"column":13}},"locations":[{"start":{"line":200,"column":61},"end":{"line":209,"column":13}}]},"16":{"type":"branch","line":205,"loc":{"start":{"line":205,"column":62},"end":{"line":207,"column":9}},"locations":[{"start":{"line":205,"column":62},"end":{"line":207,"column":9}}]},"17":{"type":"branch","line":209,"loc":{"start":{"line":209,"column":6},"end":{"line":216,"column":7}},"locations":[{"start":{"line":209,"column":6},"end":{"line":216,"column":7}}]},"18":{"type":"branch","line":217,"loc":{"start":{"line":217,"column":4},"end":{"line":220,"column":16}},"locations":[{"start":{"line":217,"column":4},"end":{"line":220,"column":16}}]},"19":{"type":"branch","line":224,"loc":{"start":{"line":224,"column":2},"end":{"line":244,"column":3}},"locations":[{"start":{"line":224,"column":2},"end":{"line":244,"column":3}}]},"20":{"type":"branch","line":247,"loc":{"start":{"line":247,"column":2},"end":{"line":261,"column":3}},"locations":[{"start":{"line":247,"column":2},"end":{"line":261,"column":3}}]},"21":{"type":"branch","line":248,"loc":{"start":{"line":248,"column":39},"end":{"line":260,"column":5}},"locations":[{"start":{"line":248,"column":39},"end":{"line":260,"column":5}}]},"22":{"type":"branch","line":264,"loc":{"start":{"line":264,"column":2},"end":{"line":284,"column":3}},"locations":[{"start":{"line":264,"column":2},"end":{"line":284,"column":3}}]},"23":{"type":"branch","line":278,"loc":{"start":{"line":278,"column":6},"end":{"line":281,"column":7}},"locations":[{"start":{"line":278,"column":6},"end":{"line":281,"column":7}}]},"24":{"type":"branch","line":282,"loc":{"start":{"line":282,"column":4},"end":{"line":283,"column":17}},"locations":[{"start":{"line":282,"column":4},"end":{"line":283,"column":17}}]},"25":{"type":"branch","line":287,"loc":{"start":{"line":287,"column":2},"end":{"line":289,"column":3}},"locations":[{"start":{"line":287,"column":2},"end":{"line":289,"column":3}}]},"26":{"type":"branch","line":292,"loc":{"start":{"line":292,"column":2},"end":{"line":301,"column":3}},"locations":[{"start":{"line":292,"column":2},"end":{"line":301,"column":3}}]},"27":{"type":"branch","line":294,"loc":{"start":{"line":294,"column":22},"end":{"line":300,"column":5}},"locations":[{"start":{"line":294,"column":22},"end":{"line":300,"column":5}}]},"28":{"type":"branch","line":304,"loc":{"start":{"line":304,"column":2},"end":{"line":306,"column":3}},"locations":[{"start":{"line":304,"column":2},"end":{"line":306,"column":3}}]}},"b":{"0":[15],"1":[1],"2":[0],"3":[406],"4":[3872],"5":[13],"6":[4],"7":[182],"8":[224],"9":[112],"10":[13],"11":[13],"12":[0],"13":[0],"14":[5],"15":[4],"16":[1],"17":[1],"18":[8],"19":[1],"20":[34],"21":[21],"22":[1],"23":[0],"24":[0],"25":[1],"26":[15],"27":[0],"28":[1]},"fnMap":{"0":{"name":"seededRandom","decl":{"start":{"line":90,"column":2},"end":{"line":99,"column":3}},"loc":{"start":{"line":90,"column":2},"end":{"line":99,"column":3}},"line":90},"1":{"name":"initGame","decl":{"start":{"line":102,"column":2},"end":{"line":161,"column":3}},"loc":{"start":{"line":102,"column":2},"end":{"line":161,"column":3}},"line":102},"2":{"name":"startGame","decl":{"start":{"line":164,"column":2},"end":{"line":170,"column":3}},"loc":{"start":{"line":164,"column":2},"end":{"line":170,"column":3}},"line":164},"3":{"name":"flipCard","decl":{"start":{"line":173,"column":2},"end":{"line":221,"column":3}},"loc":{"start":{"line":173,"column":2},"end":{"line":221,"column":3}},"line":173},"4":{"name":"endGame","decl":{"start":{"line":224,"column":2},"end":{"line":244,"column":3}},"loc":{"start":{"line":224,"column":2},"end":{"line":244,"column":3}},"line":224},"5":{"name":"saveGameState","decl":{"start":{"line":247,"column":2},"end":{"line":261,"column":3}},"loc":{"start":{"line":247,"column":2},"end":{"line":261,"column":3}},"line":247},"6":{"name":"loadGameState","decl":{"start":{"line":264,"column":2},"end":{"line":284,"column":3}},"loc":{"start":{"line":264,"column":2},"end":{"line":284,"column":3}},"line":264},"7":{"name":"clearGameState","decl":{"start":{"line":287,"column":2},"end":{"line":289,"column":3}},"loc":{"start":{"line":287,"column":2},"end":{"line":289,"column":3}},"line":287},"8":{"name":"loadHistory","decl":{"start":{"line":292,"column":2},"end":{"line":301,"column":3}},"loc":{"start":{"line":292,"column":2},"end":{"line":301,"column":3}},"line":292},"9":{"name":"saveHistory","decl":{"start":{"line":304,"column":2},"end":{"line":306,"column":3}},"loc":{"start":{"line":304,"column":2},"end":{"line":306,"column":3}},"line":304},"10":{"name":"resetGame","decl":{"start":{"line":309,"column":2},"end":{"line":318,"column":3}},"loc":{"start":{"line":309,"column":2},"end":{"line":318,"column":3}},"line":309}},"f":{"0":406,"1":13,"2":13,"3":13,"4":1,"5":34,"6":1,"7":1,"8":15,"9":1,"10":0}}
,"/Users/amadeuszkozlowski/Documents/memory/src/types/index.ts": {"path":"/Users/amadeuszkozlowski/Documents/memory/src/types/index.ts","all":true,"statementMap":{},"s":{},"branchMap":{"0":{"type":"branch","line":1,"loc":{"start":{"line":1,"column":572},"end":{"line":30,"column":1}},"locations":[{"start":{"line":1,"column":572},"end":{"line":30,"column":1}}]}},"b":{"0":[1]},"fnMap":{"0":{"name":"(empty-report)","decl":{"start":{"line":1,"column":572},"end":{"line":30,"column":1}},"loc":{"start":{"line":1,"column":572},"end":{"line":30,"column":1}},"line":1}},"f":{"0":1}}
}
